TN:
SF:apps/cloudwatch-to-splunk-lambda/src/app/event-utils.ts
FN:4,decode
FNF:1
FNH:1
FNDA:1,decode
DA:2,2
DA:4,2
DA:5,1
DA:7,1
DA:8,1
DA:9,1
LF:6
LH:6
BRF:0
BRH:0
end_of_record
TN:
SF:apps/cloudwatch-to-splunk-lambda/src/app/handler.ts
FN:19,handler
FN:25,(anonymous_2)
FNF:2
FNH:2
FNDA:2,handler
FNDA:2,(anonymous_2)
DA:10,1
DA:11,1
DA:12,1
DA:14,1
DA:19,1
DA:21,2
DA:22,2
DA:25,2
DA:30,2
DA:32,2
DA:35,2
DA:36,2
DA:37,2
DA:38,2
LF:14
LH:14
BRDA:25,0,0,1
BRDA:25,0,1,1
BRDA:25,1,0,2
BRDA:25,1,1,2
BRF:4
BRH:4
end_of_record
TN:
SF:apps/cloudwatch-to-splunk-lambda/src/app/https-request.ts
FN:4,httpsRequest
FN:5,(anonymous_2)
FN:6,(anonymous_3)
FN:8,(anonymous_4)
FN:18,(anonymous_5)
FNF:5
FNH:0
FNDA:0,httpsRequest
FNDA:0,(anonymous_2)
FNDA:0,(anonymous_3)
FNDA:0,(anonymous_4)
FNDA:0,(anonymous_5)
DA:1,1
DA:4,1
DA:5,0
DA:6,0
DA:7,0
DA:8,0
DA:9,0
DA:10,0
DA:11,0
DA:12,0
DA:14,0
DA:18,0
DA:19,0
DA:21,0
LF:14
LH:2
BRDA:9,0,0,0
BRF:1
BRH:0
end_of_record
TN:
SF:apps/cloudwatch-to-splunk-lambda/src/app/splunk-logger.ts
FN:36,(anonymous_0)
FN:51,(anonymous_1)
FN:55,(anonymous_2)
FN:83,(anonymous_3)
FN:87,(anonymous_4)
FNF:5
FNH:5
FNDA:5,(anonymous_0)
FNDA:3,(anonymous_1)
FNDA:7,(anonymous_2)
FNDA:7,(anonymous_3)
FNDA:1,(anonymous_4)
DA:3,1
DA:29,1
DA:32,5
DA:33,5
DA:34,5
DA:37,5
DA:38,5
DA:52,3
DA:56,7
DA:58,7
DA:61,7
DA:62,4
DA:64,4
DA:65,2
DA:67,4
DA:72,4
DA:74,4
DA:78,7
DA:80,7
DA:84,7
DA:88,1
DA:89,1
DA:91,1
LF:23
LH:23
BRDA:61,0,0,4
BRDA:62,1,0,4
BRDA:64,2,0,2
BRDA:68,3,0,4
BRDA:68,3,1,4
BRDA:72,4,0,4
BRF:6
BRH:6
end_of_record
TN:
SF:apps/cloudwatch-to-splunk-lambda/src/environments/environment.ts
FNF:0
FNH:0
DA:1,1
LF:1
LH:1
BRDA:3,0,0,1
BRDA:3,0,1,1
BRDA:4,1,0,1
BRDA:4,1,1,1
BRF:4
BRH:4
end_of_record
TN:
SF:exploratron/exploratron.js
FN:3,(anonymous_0)
FN:73,handlePublic404
FN:80,handlePublishertron
FN:101,(anonymous_3)
FN:123,(anonymous_4)
FN:180,(anonymous_5)
FN:197,(anonymous_6)
FN:207,(anonymous_7)
FN:477,(anonymous_8)
FN:498,(anonymous_9)
FN:510,(anonymous_10)
FN:526,(anonymous_11)
FN:529,(anonymous_12)
FNF:13
FNH:0
FNDA:0,(anonymous_0)
FNDA:0,handlePublic404
FNDA:0,handlePublishertron
FNDA:0,(anonymous_3)
FNDA:0,(anonymous_4)
FNDA:0,(anonymous_5)
FNDA:0,(anonymous_6)
FNDA:0,(anonymous_7)
FNDA:0,(anonymous_8)
FNDA:0,(anonymous_9)
FNDA:0,(anonymous_10)
FNDA:0,(anonymous_11)
FNDA:0,(anonymous_12)
DA:2,0
DA:3,0
DA:4,0
DA:5,0
DA:6,0
DA:7,0
DA:8,0
DA:9,0
DA:10,0
DA:11,0
DA:13,0
DA:14,0
DA:15,0
DA:16,0
DA:17,0
DA:18,0
DA:19,0
DA:20,0
DA:21,0
DA:22,0
DA:23,0
DA:24,0
DA:25,0
DA:26,0
DA:27,0
DA:28,0
DA:31,0
DA:32,0
DA:33,0
DA:34,0
DA:35,0
DA:36,0
DA:37,0
DA:38,0
DA:39,0
DA:40,0
DA:41,0
DA:42,0
DA:43,0
DA:44,0
DA:45,0
DA:46,0
DA:47,0
DA:48,0
DA:51,0
DA:52,0
DA:54,0
DA:56,0
DA:58,0
DA:59,0
DA:61,0
DA:71,0
DA:73,0
DA:74,0
DA:80,0
DA:81,0
DA:85,0
DA:87,0
DA:91,0
DA:101,0
DA:103,0
DA:104,0
DA:106,0
DA:108,0
DA:112,0
DA:119,0
DA:120,0
DA:123,0
DA:128,0
DA:129,0
DA:130,0
DA:131,0
DA:133,0
DA:135,0
DA:156,0
DA:158,0
DA:159,0
DA:160,0
DA:163,0
DA:170,0
DA:171,0
DA:172,0
DA:179,0
DA:180,0
DA:186,0
DA:187,0
DA:188,0
DA:190,0
DA:197,0
DA:198,0
DA:201,0
DA:206,0
DA:207,0
DA:208,0
DA:214,0
DA:215,0
DA:216,0
DA:220,0
DA:226,0
DA:234,0
DA:240,0
DA:241,0
DA:242,0
DA:244,0
DA:245,0
DA:247,0
DA:248,0
DA:249,0
DA:250,0
DA:255,0
DA:256,0
DA:259,0
DA:260,0
DA:263,0
DA:264,0
DA:265,0
DA:270,0
DA:271,0
DA:272,0
DA:273,0
DA:275,0
DA:276,0
DA:277,0
DA:282,0
DA:287,0
DA:288,0
DA:289,0
DA:290,0
DA:291,0
DA:292,0
DA:293,0
DA:299,0
DA:300,0
DA:301,0
DA:302,0
DA:303,0
DA:305,0
DA:306,0
DA:307,0
DA:308,0
DA:309,0
DA:310,0
DA:311,0
DA:312,0
DA:313,0
DA:318,0
DA:319,0
DA:320,0
DA:325,0
DA:330,0
DA:335,0
DA:336,0
DA:337,0
DA:338,0
DA:339,0
DA:341,0
DA:342,0
DA:343,0
DA:344,0
DA:345,0
DA:346,0
DA:351,0
DA:352,0
DA:354,0
DA:355,0
DA:356,0
DA:357,0
DA:362,0
DA:363,0
DA:364,0
DA:365,0
DA:366,0
DA:368,0
DA:369,0
DA:370,0
DA:371,0
DA:372,0
DA:373,0
DA:374,0
DA:379,0
DA:384,0
DA:390,0
DA:391,0
DA:392,0
DA:393,0
DA:398,0
DA:403,0
DA:408,0
DA:409,0
DA:410,0
DA:411,0
DA:412,0
DA:414,0
DA:415,0
DA:416,0
DA:417,0
DA:418,0
DA:419,0
DA:420,0
DA:421,0
DA:422,0
DA:423,0
DA:424,0
DA:425,0
DA:426,0
DA:427,0
DA:429,0
DA:430,0
DA:435,0
DA:436,0
DA:437,0
DA:438,0
DA:439,0
DA:444,0
DA:445,0
DA:446,0
DA:448,0
DA:450,0
DA:456,0
DA:463,0
DA:464,0
DA:469,0
DA:475,0
DA:476,0
DA:477,0
DA:478,0
DA:497,0
DA:498,0
DA:499,0
DA:500,0
DA:501,0
DA:502,0
DA:510,0
DA:512,0
DA:513,0
DA:514,0
DA:515,0
DA:523,0
DA:527,0
DA:529,0
DA:530,0
DA:535,0
DA:537,0
DA:538,0
LF:244
LH:0
BRDA:51,0,0,0
BRDA:51,0,1,0
BRDA:81,1,0,0
BRDA:81,1,1,0
BRDA:82,2,0,0
BRDA:82,2,1,0
BRDA:83,3,0,0
BRDA:83,3,1,0
BRDA:103,4,0,0
BRDA:103,4,1,0
BRDA:112,5,0,0
BRDA:112,5,1,0
BRDA:119,6,0,0
BRDA:119,6,1,0
BRDA:172,7,0,0
BRDA:172,7,1,0
BRDA:179,8,0,0
BRDA:179,8,1,0
BRDA:186,9,0,0
BRDA:186,9,1,0
BRDA:206,10,0,0
BRDA:206,10,1,0
BRDA:214,11,0,0
BRDA:214,11,1,0
BRDA:497,12,0,0
BRDA:497,12,1,0
BRDA:501,13,0,0
BRDA:501,13,1,0
BRDA:514,14,0,0
BRDA:514,14,1,0
BRDA:527,15,0,0
BRDA:527,15,1,0
BRF:32
BRH:0
end_of_record
TN:
SF:exploratron/controllers/advertisers.controller.js
FN:10,_logAndThrow
FN:19,getAllAdvertisers
FN:24,(anonymous_2)
FN:25,(anonymous_3)
FN:32,getAllAudiencesForUserOrg
FN:36,(anonymous_5)
FN:37,(anonymous_6)
FN:44,updateAdvertiser
FN:49,(anonymous_8)
FN:50,(anonymous_9)
FN:57,addNewAdvertiser
FN:62,(anonymous_11)
FN:63,(anonymous_12)
FN:80,advertisersWithCampaigns
FN:85,(anonymous_14)
FN:86,(anonymous_15)
FNF:16
FNH:16
FNDA:5,_logAndThrow
FNDA:2,getAllAdvertisers
FNDA:1,(anonymous_2)
FNDA:1,(anonymous_3)
FNDA:2,getAllAudiencesForUserOrg
FNDA:1,(anonymous_5)
FNDA:1,(anonymous_6)
FNDA:2,updateAdvertiser
FNDA:1,(anonymous_8)
FNDA:1,(anonymous_9)
FNDA:3,addNewAdvertiser
FNDA:1,(anonymous_11)
FNDA:2,(anonymous_12)
FNDA:2,advertisersWithCampaigns
FNDA:1,(anonymous_14)
FNDA:1,(anonymous_15)
DA:1,1
DA:11,5
DA:12,5
DA:20,2
DA:21,2
DA:22,2
DA:24,1
DA:25,1
DA:33,2
DA:34,2
DA:36,1
DA:37,1
DA:45,2
DA:46,2
DA:47,2
DA:49,1
DA:50,1
DA:58,3
DA:59,3
DA:60,3
DA:62,1
DA:64,2
DA:69,1
DA:71,1
DA:81,2
DA:83,2
DA:85,1
DA:86,1
DA:89,1
LF:29
LH:29
BRDA:21,0,0,2
BRDA:21,0,1,0
BRDA:64,1,0,1
BRDA:64,1,1,1
BRF:4
BRH:3
end_of_record
TN:
SF:exploratron/routes/advertisers.js
FN:10,(anonymous_0)
FN:11,(anonymous_1)
FN:12,(anonymous_2)
FN:13,(anonymous_3)
FN:14,(anonymous_4)
FNF:5
FNH:0
FNDA:0,(anonymous_0)
FNDA:0,(anonymous_1)
FNDA:0,(anonymous_2)
FNDA:0,(anonymous_3)
FNDA:0,(anonymous_4)
DA:3,0
DA:4,0
DA:6,0
DA:7,0
DA:10,0
DA:11,0
DA:12,0
DA:13,0
DA:14,0
DA:16,0
LF:10
LH:0
BRF:0
BRH:0
end_of_record
TN:
SF:exploratron/routes/campaignPlanning.js
FN:15,(anonymous_0)
FN:23,(anonymous_1)
FNF:2
FNH:0
FNDA:0,(anonymous_0)
FNDA:0,(anonymous_1)
DA:2,0
DA:3,0
DA:4,0
DA:5,0
DA:6,0
DA:7,0
DA:8,0
DA:9,0
DA:15,0
DA:16,0
DA:17,0
DA:18,0
DA:19,0
DA:20,0
DA:21,0
DA:23,0
DA:24,0
DA:26,0
DA:27,0
DA:29,0
DA:30,0
DA:34,0
LF:22
LH:0
BRDA:23,0,0,0
BRDA:23,0,1,0
BRDA:23,1,0,0
BRDA:23,1,1,0
BRF:4
BRH:0
end_of_record
TN:
SF:exploratron/routes/campaigns.js
FN:13,(anonymous_0)
FN:18,(anonymous_1)
FN:19,(anonymous_2)
FN:25,(anonymous_3)
FN:30,(anonymous_4)
FN:31,(anonymous_5)
FN:37,(anonymous_6)
FN:44,(anonymous_7)
FN:45,(anonymous_8)
FN:51,(anonymous_9)
FN:58,(anonymous_10)
FN:59,(anonymous_11)
FN:69,(anonymous_12)
FN:75,(anonymous_13)
FN:76,(anonymous_14)
FN:86,(anonymous_15)
FN:92,(anonymous_16)
FN:93,(anonymous_17)
FN:99,(anonymous_18)
FN:102,(anonymous_19)
FN:103,(anonymous_20)
FNF:21
FNH:0
FNDA:0,(anonymous_0)
FNDA:0,(anonymous_1)
FNDA:0,(anonymous_2)
FNDA:0,(anonymous_3)
FNDA:0,(anonymous_4)
FNDA:0,(anonymous_5)
FNDA:0,(anonymous_6)
FNDA:0,(anonymous_7)
FNDA:0,(anonymous_8)
FNDA:0,(anonymous_9)
FNDA:0,(anonymous_10)
FNDA:0,(anonymous_11)
FNDA:0,(anonymous_12)
FNDA:0,(anonymous_13)
FNDA:0,(anonymous_14)
FNDA:0,(anonymous_15)
FNDA:0,(anonymous_16)
FNDA:0,(anonymous_17)
FNDA:0,(anonymous_18)
FNDA:0,(anonymous_19)
FNDA:0,(anonymous_20)
DA:3,0
DA:4,0
DA:5,0
DA:6,0
DA:7,0
DA:13,0
DA:14,0
DA:15,0
DA:16,0
DA:18,0
DA:20,0
DA:21,0
DA:25,0
DA:26,0
DA:27,0
DA:28,0
DA:30,0
DA:32,0
DA:33,0
DA:37,0
DA:38,0
DA:39,0
DA:40,0
DA:42,0
DA:44,0
DA:46,0
DA:47,0
DA:51,0
DA:52,0
DA:53,0
DA:54,0
DA:56,0
DA:58,0
DA:60,0
DA:61,0
DA:69,0
DA:70,0
DA:71,0
DA:73,0
DA:75,0
DA:77,0
DA:78,0
DA:86,0
DA:87,0
DA:88,0
DA:90,0
DA:92,0
DA:94,0
DA:95,0
DA:99,0
DA:100,0
DA:102,0
DA:104,0
DA:105,0
DA:109,0
LF:55
LH:0
BRDA:15,0,0,0
BRDA:15,0,1,0
BRF:2
BRH:0
end_of_record
TN:
SF:exploratron/routes/carriers.js
FN:9,getCarriersForSupportedCountries
FN:10,(anonymous_1)
FNF:2
FNH:0
FNDA:0,getCarriersForSupportedCountries
FNDA:0,(anonymous_1)
DA:3,0
DA:5,0
DA:7,0
DA:9,0
DA:10,0
DA:11,0
DA:12,0
DA:13,0
DA:14,0
DA:16,0
LF:10
LH:0
BRDA:11,0,0,0
BRDA:11,0,1,0
BRF:2
BRH:0
end_of_record
TN:
SF:exploratron/routes/debug.js
FN:8,(anonymous_0)
FN:15,(anonymous_1)
FNF:2
FNH:0
FNDA:0,(anonymous_0)
FNDA:0,(anonymous_1)
DA:3,0
DA:4,0
DA:6,0
DA:8,0
DA:9,0
DA:10,0
DA:12,0
DA:15,0
DA:16,0
DA:17,0
DA:19,0
DA:21,0
DA:22,0
DA:24,0
DA:26,0
DA:30,0
LF:16
LH:0
BRF:0
BRH:0
end_of_record
TN:
SF:exploratron/routes/devices.js
FN:8,canonicalManufacturersList
FN:9,(anonymous_1)
FN:20,canonicalManufacturersListForQueryBuilder
FN:21,(anonymous_3)
FNF:4
FNH:0
FNDA:0,canonicalManufacturersList
FNDA:0,(anonymous_1)
FNDA:0,canonicalManufacturersListForQueryBuilder
FNDA:0,(anonymous_3)
DA:3,0
DA:4,0
DA:6,0
DA:8,0
DA:9,0
DA:10,0
DA:11,0
DA:12,0
DA:13,0
DA:15,0
DA:20,0
DA:21,0
DA:22,0
DA:23,0
DA:24,0
DA:25,0
DA:27,0
LF:17
LH:0
BRDA:10,0,0,0
BRDA:10,0,1,0
BRDA:22,1,0,0
BRDA:22,1,1,0
BRF:4
BRH:0
end_of_record
TN:
SF:exploratron/routes/externalIntegrations.js
FN:24,(anonymous_0)
FN:35,create
FN:36,(anonymous_2)
FN:49,(anonymous_3)
FN:61,update
FN:78,(anonymous_5)
FN:91,(anonymous_6)
FN:95,(anonymous_7)
FN:101,(anonymous_8)
FN:107,(anonymous_9)
FN:123,getRunningSegments
FN:127,(anonymous_11)
FN:133,(anonymous_12)
FN:146,getAllByOrg
FN:149,(anonymous_14)
FN:157,(anonymous_15)
FN:167,(anonymous_16)
FN:184,getById
FN:189,(anonymous_18)
FN:204,(anonymous_19)
FN:214,(anonymous_20)
FN:228,(anonymous_21)
FN:238,(anonymous_22)
FN:265,(anonymous_23)
FNF:24
FNH:0
FNDA:0,(anonymous_0)
FNDA:0,create
FNDA:0,(anonymous_2)
FNDA:0,(anonymous_3)
FNDA:0,update
FNDA:0,(anonymous_5)
FNDA:0,(anonymous_6)
FNDA:0,(anonymous_7)
FNDA:0,(anonymous_8)
FNDA:0,(anonymous_9)
FNDA:0,getRunningSegments
FNDA:0,(anonymous_11)
FNDA:0,(anonymous_12)
FNDA:0,getAllByOrg
FNDA:0,(anonymous_14)
FNDA:0,(anonymous_15)
FNDA:0,(anonymous_16)
FNDA:0,getById
FNDA:0,(anonymous_18)
FNDA:0,(anonymous_19)
FNDA:0,(anonymous_20)
FNDA:0,(anonymous_21)
FNDA:0,(anonymous_22)
FNDA:0,(anonymous_23)
DA:3,0
DA:4,0
DA:5,0
DA:6,0
DA:7,0
DA:9,0
DA:11,0
DA:13,0
DA:15,0
DA:20,0
DA:21,0
DA:22,0
DA:24,0
DA:25,0
DA:26,0
DA:27,0
DA:28,0
DA:29,0
DA:31,0
DA:32,0
DA:36,0
DA:37,0
DA:38,0
DA:39,0
DA:40,0
DA:42,0
DA:43,0
DA:48,0
DA:49,0
DA:50,0
DA:51,0
DA:53,0
DA:57,0
DA:61,0
DA:62,0
DA:63,0
DA:64,0
DA:65,0
DA:66,0
DA:67,0
DA:68,0
DA:70,0
DA:79,0
DA:80,0
DA:81,0
DA:82,0
DA:84,0
DA:85,0
DA:91,0
DA:92,0
DA:93,0
DA:95,0
DA:96,0
DA:97,0
DA:98,0
DA:99,0
DA:101,0
DA:102,0
DA:103,0
DA:104,0
DA:105,0
DA:107,0
DA:108,0
DA:109,0
DA:110,0
DA:111,0
DA:113,0
DA:114,0
DA:123,0
DA:124,0
DA:125,0
DA:127,0
DA:128,0
DA:129,0
DA:130,0
DA:131,0
DA:133,0
DA:134,0
DA:135,0
DA:136,0
DA:137,0
DA:139,0
DA:146,0
DA:147,0
DA:149,0
DA:150,0
DA:151,0
DA:152,0
DA:153,0
DA:156,0
DA:157,0
DA:158,0
DA:160,0
DA:161,0
DA:162,0
DA:163,0
DA:165,0
DA:167,0
DA:168,0
DA:172,0
DA:175,0
DA:179,0
DA:184,0
DA:185,0
DA:186,0
DA:188,0
DA:189,0
DA:190,0
DA:191,0
DA:192,0
DA:193,0
DA:196,0
DA:197,0
DA:199,0
DA:200,0
DA:202,0
DA:204,0
DA:205,0
DA:208,0
DA:214,0
DA:215,0
DA:216,0
DA:217,0
DA:218,0
DA:220,0
DA:221,0
DA:223,0
DA:224,0
DA:226,0
DA:228,0
DA:229,0
DA:232,0
DA:238,0
DA:239,0
DA:243,0
DA:246,0
DA:254,0
DA:266,0
DA:267,0
LF:139
LH:0
BRDA:31,0,0,0
BRDA:31,0,1,0
BRDA:37,1,0,0
BRDA:37,1,1,0
BRDA:48,2,0,0
BRDA:48,2,1,0
BRDA:50,3,0,0
BRDA:50,3,1,0
BRDA:79,4,0,0
BRDA:79,4,1,0
BRDA:96,5,0,0
BRDA:96,5,1,0
BRDA:96,6,0,0
BRDA:96,6,1,0
BRDA:102,7,0,0
BRDA:102,7,1,0
BRDA:108,8,0,0
BRDA:108,8,1,0
BRDA:128,9,0,0
BRDA:128,9,1,0
BRDA:128,10,0,0
BRDA:128,10,1,0
BRDA:134,11,0,0
BRDA:134,11,1,0
BRDA:150,12,0,0
BRDA:150,12,1,0
BRDA:161,13,0,0
BRDA:161,13,1,0
BRDA:188,14,0,0
BRDA:188,14,1,0
BRDA:190,15,0,0
BRDA:190,15,1,0
BRDA:215,16,0,0
BRDA:215,16,1,0
BRDA:266,17,0,0
BRDA:266,17,1,0
BRF:36
BRH:0
end_of_record
TN:
SF:exploratron/routes/insights.js
FN:12,getReport
FN:27,updateReportParams
FN:41,getReportParams
FN:53,getOverviewParams
FN:64,getOrgInsightApps
FN:74,getOrgMeasurementApps
FN:85,getOrgReportParamsByType
FN:97,getSegmentFilters
FN:107,_getOrgUserCacheKey
FN:113,setMarketingPageStatus
FN:125,getMarketingPageStatus
FNF:11
FNH:0
FNDA:0,getReport
FNDA:0,updateReportParams
FNDA:0,getReportParams
FNDA:0,getOverviewParams
FNDA:0,getOrgInsightApps
FNDA:0,getOrgMeasurementApps
FNDA:0,getOrgReportParamsByType
FNDA:0,getSegmentFilters
FNDA:0,_getOrgUserCacheKey
FNDA:0,setMarketingPageStatus
FNDA:0,getMarketingPageStatus
DA:3,0
DA:4,0
DA:5,0
DA:6,0
DA:7,0
DA:8,0
DA:13,0
DA:14,0
DA:15,0
DA:16,0
DA:18,0
DA:19,0
DA:20,0
DA:22,0
DA:28,0
DA:29,0
DA:30,0
DA:31,0
DA:33,0
DA:34,0
DA:36,0
DA:37,0
DA:42,0
DA:43,0
DA:44,0
DA:45,0
DA:46,0
DA:48,0
DA:49,0
DA:54,0
DA:55,0
DA:56,0
DA:57,0
DA:59,0
DA:60,0
DA:65,0
DA:66,0
DA:67,0
DA:68,0
DA:70,0
DA:71,0
DA:75,0
DA:76,0
DA:77,0
DA:78,0
DA:80,0
DA:81,0
DA:86,0
DA:87,0
DA:88,0
DA:89,0
DA:90,0
DA:92,0
DA:93,0
DA:98,0
DA:99,0
DA:100,0
DA:102,0
DA:103,0
DA:108,0
DA:109,0
DA:110,0
DA:114,0
DA:115,0
DA:116,0
DA:117,0
DA:118,0
DA:120,0
DA:121,0
DA:126,0
DA:127,0
DA:128,0
DA:130,0
DA:131,0
DA:133,0
DA:136,0
DA:137,0
DA:141,0
LF:78
LH:0
BRDA:19,0,0,0
BRDA:19,0,1,0
BRDA:19,1,0,0
BRDA:19,1,1,0
BRDA:130,2,0,0
BRDA:130,2,1,0
BRF:6
BRH:0
end_of_record
TN:
SF:exploratron/routes/marketplace.js
FN:28,findHTTPStatusCode
FN:36,search
FN:37,(anonymous_2)
FN:51,suggestions
FN:52,(anonymous_4)
FN:65,folderCount
FN:66,(anonymous_6)
FN:79,estimateChoices
FN:81,(anonymous_8)
FN:94,getAbridgedMetrics
FN:97,(anonymous_10)
FN:112,getCart
FN:120,(anonymous_12)
FN:123,(anonymous_13)
FN:126,(anonymous_14)
FN:130,(anonymous_15)
FN:139,(anonymous_16)
FN:143,(anonymous_17)
FN:156,(anonymous_18)
FN:168,(anonymous_19)
FN:194,addItemToCart
FN:200,(anonymous_21)
FN:209,removeItemFromCart
FN:214,(anonymous_23)
FN:223,addFilterToCart
FN:229,(anonymous_25)
FN:238,removeFilterFromCart
FN:243,(anonymous_27)
FN:252,clearCart
FN:256,(anonymous_29)
FN:265,cancelCartEdit
FN:271,(anonymous_31)
FN:274,(anonymous_32)
FN:278,(anonymous_33)
FN:288,getDataTypeDetails
FN:299,getPartnerDetails
FN:310,(anonymous_36)
FN:327,searchAsCSV
FN:333,(anonymous_38)
FN:342,(anonymous_39)
FN:344,(anonymous_40)
FN:357,(anonymous_41)
FN:372,(anonymous_42)
FN:376,(anonymous_43)
FNF:44
FNH:0
FNDA:0,findHTTPStatusCode
FNDA:0,search
FNDA:0,(anonymous_2)
FNDA:0,suggestions
FNDA:0,(anonymous_4)
FNDA:0,folderCount
FNDA:0,(anonymous_6)
FNDA:0,estimateChoices
FNDA:0,(anonymous_8)
FNDA:0,getAbridgedMetrics
FNDA:0,(anonymous_10)
FNDA:0,getCart
FNDA:0,(anonymous_12)
FNDA:0,(anonymous_13)
FNDA:0,(anonymous_14)
FNDA:0,(anonymous_15)
FNDA:0,(anonymous_16)
FNDA:0,(anonymous_17)
FNDA:0,(anonymous_18)
FNDA:0,(anonymous_19)
FNDA:0,addItemToCart
FNDA:0,(anonymous_21)
FNDA:0,removeItemFromCart
FNDA:0,(anonymous_23)
FNDA:0,addFilterToCart
FNDA:0,(anonymous_25)
FNDA:0,removeFilterFromCart
FNDA:0,(anonymous_27)
FNDA:0,clearCart
FNDA:0,(anonymous_29)
FNDA:0,cancelCartEdit
FNDA:0,(anonymous_31)
FNDA:0,(anonymous_32)
FNDA:0,(anonymous_33)
FNDA:0,getDataTypeDetails
FNDA:0,getPartnerDetails
FNDA:0,(anonymous_36)
FNDA:0,searchAsCSV
FNDA:0,(anonymous_38)
FNDA:0,(anonymous_39)
FNDA:0,(anonymous_40)
FNDA:0,(anonymous_41)
FNDA:0,(anonymous_42)
FNDA:0,(anonymous_43)
DA:3,0
DA:4,0
DA:5,0
DA:6,0
DA:7,0
DA:8,0
DA:9,0
DA:10,0
DA:11,0
DA:12,0
DA:13,0
DA:14,0
DA:16,0
DA:17,0
DA:18,0
DA:20,0
DA:21,0
DA:22,0
DA:24,0
DA:29,0
DA:30,0
DA:31,0
DA:33,0
DA:36,0
DA:37,0
DA:38,0
DA:39,0
DA:40,0
DA:41,0
DA:43,0
DA:45,0
DA:51,0
DA:52,0
DA:53,0
DA:54,0
DA:55,0
DA:56,0
DA:58,0
DA:60,0
DA:65,0
DA:66,0
DA:67,0
DA:68,0
DA:69,0
DA:70,0
DA:72,0
DA:74,0
DA:79,0
DA:80,0
DA:81,0
DA:82,0
DA:83,0
DA:84,0
DA:85,0
DA:87,0
DA:89,0
DA:94,0
DA:95,0
DA:97,0
DA:98,0
DA:99,0
DA:100,0
DA:102,0
DA:103,0
DA:104,0
DA:107,0
DA:112,0
DA:113,0
DA:114,0
DA:115,0
DA:116,0
DA:118,0
DA:121,0
DA:124,0
DA:127,0
DA:131,0
DA:132,0
DA:134,0
DA:135,0
DA:136,0
DA:137,0
DA:139,0
DA:140,0
DA:143,0
DA:144,0
DA:147,0
DA:148,0
DA:151,0
DA:157,0
DA:158,0
DA:161,0
DA:162,0
DA:165,0
DA:166,0
DA:167,0
DA:168,0
DA:169,0
DA:170,0
DA:174,0
DA:175,0
DA:177,0
DA:179,0
DA:183,0
DA:184,0
DA:186,0
DA:194,0
DA:195,0
DA:196,0
DA:197,0
DA:198,0
DA:200,0
DA:201,0
DA:202,0
DA:204,0
DA:209,0
DA:210,0
DA:211,0
DA:212,0
DA:214,0
DA:215,0
DA:216,0
DA:218,0
DA:223,0
DA:224,0
DA:225,0
DA:226,0
DA:227,0
DA:229,0
DA:230,0
DA:231,0
DA:233,0
DA:238,0
DA:239,0
DA:240,0
DA:241,0
DA:243,0
DA:244,0
DA:245,0
DA:247,0
DA:252,0
DA:253,0
DA:254,0
DA:256,0
DA:257,0
DA:258,0
DA:260,0
DA:265,0
DA:266,0
DA:267,0
DA:269,0
DA:272,0
DA:275,0
DA:279,0
DA:280,0
DA:282,0
DA:288,0
DA:289,0
DA:290,0
DA:292,0
DA:293,0
DA:296,0
DA:299,0
DA:300,0
DA:301,0
DA:303,0
DA:304,0
DA:307,0
DA:308,0
DA:309,0
DA:310,0
DA:311,0
DA:312,0
DA:313,0
DA:315,0
DA:317,0
DA:318,0
DA:322,0
DA:323,0
DA:327,0
DA:328,0
DA:329,0
DA:330,0
DA:331,0
DA:333,0
DA:334,0
DA:335,0
DA:336,0
DA:338,0
DA:341,0
DA:342,0
DA:343,0
DA:344,0
DA:348,0
DA:349,0
DA:350,0
DA:351,0
DA:352,0
DA:353,0
DA:354,0
DA:357,0
DA:358,0
DA:361,0
DA:372,0
DA:373,0
DA:374,0
DA:375,0
DA:377,0
DA:383,0
DA:384,0
DA:385,0
DA:388,0
DA:402,0
DA:403,0
DA:404,0
DA:409,0
LF:215
LH:0
BRDA:29,0,0,0
BRDA:29,0,1,0
BRDA:29,0,2,0
BRDA:30,1,0,0
BRDA:30,1,1,0
BRDA:38,2,0,0
BRDA:38,2,1,0
BRDA:40,3,0,0
BRDA:40,3,1,0
BRDA:53,4,0,0
BRDA:53,4,1,0
BRDA:55,5,0,0
BRDA:55,5,1,0
BRDA:67,6,0,0
BRDA:67,6,1,0
BRDA:69,7,0,0
BRDA:69,7,1,0
BRDA:82,8,0,0
BRDA:82,8,1,0
BRDA:84,9,0,0
BRDA:84,9,1,0
BRDA:98,10,0,0
BRDA:98,10,1,0
BRDA:99,11,0,0
BRDA:99,11,1,0
BRDA:131,12,0,0
BRDA:131,12,1,0
BRDA:134,13,0,0
BRDA:134,13,1,0
BRDA:147,14,0,0
BRDA:147,14,1,0
BRDA:157,15,0,0
BRDA:157,15,1,0
BRDA:161,16,0,0
BRDA:161,16,1,0
BRDA:161,17,0,0
BRDA:161,17,1,0
BRDA:161,17,2,0
BRDA:170,18,0,0
BRDA:170,18,1,0
BRDA:174,19,0,0
BRDA:174,19,1,0
BRDA:201,20,0,0
BRDA:201,20,1,0
BRDA:215,21,0,0
BRDA:215,21,1,0
BRDA:230,22,0,0
BRDA:230,22,1,0
BRDA:244,23,0,0
BRDA:244,23,1,0
BRDA:257,24,0,0
BRDA:257,24,1,0
BRDA:279,25,0,0
BRDA:279,25,1,0
BRDA:292,26,0,0
BRDA:292,26,1,0
BRDA:303,27,0,0
BRDA:303,27,1,0
BRDA:307,28,0,0
BRDA:307,28,1,0
BRDA:307,29,0,0
BRDA:307,29,1,0
BRDA:311,30,0,0
BRDA:311,30,1,0
BRDA:312,31,0,0
BRDA:312,31,1,0
BRDA:317,32,0,0
BRDA:317,32,1,0
BRDA:334,33,0,0
BRDA:334,33,1,0
BRDA:335,34,0,0
BRDA:335,34,1,0
BRDA:343,35,0,0
BRDA:343,35,1,0
BRDA:343,36,0,0
BRDA:343,36,1,0
BRDA:349,37,0,0
BRDA:349,37,1,0
BRDA:351,38,0,0
BRDA:351,38,1,0
BRDA:353,39,0,0
BRDA:353,39,1,0
BRDA:358,40,0,0
BRDA:358,40,1,0
BRDA:374,41,0,0
BRDA:374,41,1,0
BRDA:374,42,0,0
BRDA:374,42,1,0
BRDA:377,43,0,0
BRDA:377,43,1,0
BRDA:384,44,0,0
BRDA:384,44,1,0
BRDA:384,45,0,0
BRDA:384,45,1,0
BRDA:392,46,0,0
BRDA:392,46,1,0
BRF:96
BRH:0
end_of_record
TN:
SF:exploratron/routes/organizations.js
FN:6,listShares
FN:9,(anonymous_1)
FN:19,deleteShare
FN:23,(anonymous_3)
FN:33,addShare
FN:36,(anonymous_5)
FNF:6
FNH:0
FNDA:0,listShares
FNDA:0,(anonymous_1)
FNDA:0,deleteShare
FNDA:0,(anonymous_3)
FNDA:0,addShare
FNDA:0,(anonymous_5)
DA:3,0
DA:4,0
DA:6,0
DA:7,0
DA:9,0
DA:10,0
DA:11,0
DA:12,0
DA:14,0
DA:19,0
DA:20,0
DA:21,0
DA:23,0
DA:24,0
DA:25,0
DA:26,0
DA:28,0
DA:33,0
DA:34,0
DA:36,0
DA:37,0
DA:38,0
DA:39,0
DA:41,0
LF:24
LH:0
BRDA:10,0,0,0
BRDA:10,0,1,0
BRDA:24,1,0,0
BRDA:24,1,1,0
BRDA:37,2,0,0
BRDA:37,2,1,0
BRF:6
BRH:0
end_of_record
TN:
SF:exploratron/routes/partnerattributes.js
FN:13,(anonymous_0)
FN:16,(anonymous_1)
FN:31,getTransmissionRestrictions
FN:36,(anonymous_3)
FN:37,(anonymous_4)
FN:45,(anonymous_5)
FN:46,(anonymous_6)
FN:55,(anonymous_7)
FN:62,(anonymous_8)
FN:87,countries
FN:92,(anonymous_10)
FN:96,(anonymous_11)
FN:108,listAEApps
FN:111,(anonymous_13)
FN:112,(anonymous_14)
FN:118,listAEPersonas
FN:121,(anonymous_16)
FN:122,(anonymous_17)
FN:128,getAppEngagementAppDataForIds
FN:129,(anonymous_19)
FN:132,(anonymous_20)
FN:133,(anonymous_21)
FNF:22
FNH:0
FNDA:0,(anonymous_0)
FNDA:0,(anonymous_1)
FNDA:0,getTransmissionRestrictions
FNDA:0,(anonymous_3)
FNDA:0,(anonymous_4)
FNDA:0,(anonymous_5)
FNDA:0,(anonymous_6)
FNDA:0,(anonymous_7)
FNDA:0,(anonymous_8)
FNDA:0,countries
FNDA:0,(anonymous_10)
FNDA:0,(anonymous_11)
FNDA:0,listAEApps
FNDA:0,(anonymous_13)
FNDA:0,(anonymous_14)
FNDA:0,listAEPersonas
FNDA:0,(anonymous_16)
FNDA:0,(anonymous_17)
FNDA:0,getAppEngagementAppDataForIds
FNDA:0,(anonymous_19)
FNDA:0,(anonymous_20)
FNDA:0,(anonymous_21)
DA:3,0
DA:4,0
DA:5,0
DA:6,0
DA:8,0
DA:9,0
DA:11,0
DA:13,0
DA:14,0
DA:16,0
DA:17,0
DA:18,0
DA:19,0
DA:20,0
DA:22,0
DA:31,0
DA:32,0
DA:33,0
DA:35,0
DA:36,0
DA:37,0
DA:38,0
DA:39,0
DA:44,0
DA:45,0
DA:46,0
DA:47,0
DA:48,0
DA:54,0
DA:55,0
DA:56,0
DA:57,0
DA:58,0
DA:59,0
DA:61,0
DA:62,0
DA:63,0
DA:67,0
DA:79,0
DA:83,0
DA:87,0
DA:88,0
DA:93,0
DA:97,0
DA:98,0
DA:99,0
DA:100,0
DA:102,0
DA:108,0
DA:109,0
DA:111,0
DA:113,0
DA:114,0
DA:118,0
DA:119,0
DA:121,0
DA:123,0
DA:124,0
DA:128,0
DA:129,0
DA:130,0
DA:132,0
DA:134,0
DA:135,0
DA:139,0
LF:65
LH:0
BRDA:17,0,0,0
BRDA:17,0,1,0
BRDA:38,1,0,0
BRDA:38,1,1,0
BRDA:44,2,0,0
BRDA:44,2,1,0
BRDA:47,3,0,0
BRDA:47,3,1,0
BRDA:54,4,0,0
BRDA:54,4,1,0
BRDA:56,5,0,0
BRDA:56,5,1,0
BRDA:63,6,0,0
BRDA:63,6,1,0
BRDA:64,7,0,0
BRDA:64,7,1,0
BRDA:72,8,0,0
BRDA:72,8,1,0
BRDA:73,9,0,0
BRDA:73,9,1,0
BRDA:97,10,0,0
BRDA:97,10,1,0
BRF:22
BRH:0
end_of_record
TN:
SF:exploratron/routes/personas.js
FN:9,getDemographicPersonas
FN:10,(anonymous_1)
FNF:2
FNH:0
FNDA:0,getDemographicPersonas
FNDA:0,(anonymous_1)
DA:3,0
DA:5,0
DA:7,0
DA:9,0
DA:10,0
DA:11,0
DA:14,0
DA:17,0
LF:8
LH:0
BRDA:11,0,0,0
BRDA:11,0,1,0
BRF:2
BRH:0
end_of_record
TN:
SF:exploratron/routes/segmentReports.js
FN:15,(anonymous_0)
FN:31,(anonymous_1)
FN:51,(anonymous_2)
FN:59,(anonymous_3)
FN:69,(anonymous_4)
FN:75,(anonymous_5)
FN:91,(anonymous_6)
FN:94,(anonymous_7)
FN:95,(anonymous_8)
FN:97,(anonymous_9)
FN:101,(anonymous_10)
FN:108,(anonymous_11)
FN:111,(anonymous_12)
FNF:13
FNH:0
FNDA:0,(anonymous_0)
FNDA:0,(anonymous_1)
FNDA:0,(anonymous_2)
FNDA:0,(anonymous_3)
FNDA:0,(anonymous_4)
FNDA:0,(anonymous_5)
FNDA:0,(anonymous_6)
FNDA:0,(anonymous_7)
FNDA:0,(anonymous_8)
FNDA:0,(anonymous_9)
FNDA:0,(anonymous_10)
FNDA:0,(anonymous_11)
FNDA:0,(anonymous_12)
DA:3,0
DA:4,0
DA:5,0
DA:6,0
DA:7,0
DA:8,0
DA:10,0
DA:11,0
DA:13,0
DA:15,0
DA:16,0
DA:23,0
DA:24,0
DA:27,0
DA:28,0
DA:31,0
DA:32,0
DA:33,0
DA:47,0
DA:51,0
DA:52,0
DA:53,0
DA:54,0
DA:55,0
DA:56,0
DA:58,0
DA:59,0
DA:60,0
DA:61,0
DA:62,0
DA:63,0
DA:65,0
DA:69,0
DA:70,0
DA:71,0
DA:72,0
DA:73,0
DA:74,0
DA:75,0
DA:76,0
DA:77,0
DA:78,0
DA:79,0
DA:81,0
DA:85,0
DA:91,0
DA:92,0
DA:94,0
DA:95,0
DA:96,0
DA:97,0
DA:98,0
DA:101,0
DA:102,0
DA:108,0
DA:109,0
DA:112,0
DA:118,0
LF:58
LH:0
BRDA:23,0,0,0
BRDA:23,0,1,0
BRDA:27,1,0,0
BRDA:27,1,1,0
BRDA:27,2,0,0
BRDA:27,2,1,0
BRDA:32,3,0,0
BRDA:32,3,1,0
BRDA:58,4,0,0
BRDA:58,4,1,0
BRDA:60,5,0,0
BRDA:60,5,1,0
BRDA:70,6,0,0
BRDA:70,6,1,0
BRDA:74,7,0,0
BRDA:74,7,1,0
BRDA:76,8,0,0
BRDA:76,8,1,0
BRDA:96,9,0,0
BRDA:96,9,1,0
BRF:20
BRH:0
end_of_record
TN:
SF:exploratron/routes/segments.js
FN:36,getUserEmailByUserId
FN:39,(anonymous_1)
FN:52,getMetrics
FN:55,(anonymous_3)
FN:71,getCommonApps
FN:72,(anonymous_5)
FN:91,deriveCalculating
FN:98,_convertSegments
FN:99,(anonymous_8)
FN:140,listAppAudience
FN:147,(anonymous_10)
FN:158,(anonymous_11)
FN:170,getSegmentsForOrgByType
FN:184,(anonymous_13)
FN:189,(anonymous_14)
FN:199,(anonymous_15)
FN:202,(anonymous_16)
FN:208,(anonymous_17)
FN:212,(anonymous_18)
FN:216,(anonymous_19)
FN:238,getAllSegmentsForOrg
FN:242,(anonymous_21)
FN:246,(anonymous_22)
FN:250,(anonymous_23)
FN:262,(anonymous_24)
FN:265,(anonymous_25)
FN:269,(anonymous_26)
FN:282,(anonymous_27)
FN:293,(anonymous_28)
FN:299,(anonymous_29)
FN:312,getTransmitHistory
FN:319,(anonymous_31)
FN:330,getSegmentTransmitHistory
FN:334,(anonymous_33)
FN:345,emailSegmentTransmitHistory
FN:355,(anonymous_35)
FN:363,(anonymous_36)
FN:372,(anonymous_37)
FN:389,getSegmentTransmitLogs
FN:396,(anonymous_39)
FN:408,readSegment
FN:411,(anonymous_41)
FN:424,(anonymous_42)
FN:430,(anonymous_43)
FN:446,(anonymous_44)
FN:449,(anonymous_45)
FN:455,(anonymous_46)
FN:471,(anonymous_47)
FN:473,(anonymous_48)
FN:489,getSegmentDefinitionById
FN:490,(anonymous_50)
FN:498,(anonymous_51)
FN:499,(anonymous_52)
FN:507,(anonymous_53)
FN:508,(anonymous_54)
FN:517,(anonymous_55)
FN:518,(anonymous_56)
FN:542,(anonymous_57)
FN:561,getRecentIntegrations
FN:564,(anonymous_59)
FN:567,(anonymous_60)
FN:571,(anonymous_61)
FN:584,createExport
FN:594,(anonymous_63)
FN:606,expireExports
FN:607,(anonymous_65)
FN:625,createLookalikeExpansionSegment
FN:634,(anonymous_67)
FN:653,(anonymous_68)
FN:669,updateLookalikeExpansionSegment
FN:677,(anonymous_70)
FN:683,(anonymous_71)
FN:692,(anonymous_72)
FN:697,(anonymous_73)
FN:708,create
FN:727,(anonymous_75)
FN:739,(anonymous_76)
FN:743,(anonymous_77)
FN:747,(anonymous_78)
FN:750,(anonymous_79)
FN:757,(anonymous_80)
FN:767,(anonymous_81)
FN:785,(anonymous_82)
FN:789,(anonymous_83)
FN:808,(anonymous_84)
FN:814,(anonymous_85)
FN:830,(anonymous_86)
FN:844,estimateDeviceCountForCategory
FN:854,(anonymous_88)
FN:866,estimatePersonasCount
FN:874,(anonymous_90)
FN:885,estimate
FN:890,(anonymous_92)
FN:910,attributesToCSV
FN:915,(anonymous_94)
FN:916,(anonymous_95)
FN:934,(anonymous_96)
FN:936,(anonymous_97)
FN:943,(anonymous_98)
FN:955,(anonymous_99)
FN:962,(anonymous_100)
FN:963,(anonymous_101)
FN:967,(anonymous_102)
FN:980,(anonymous_103)
FN:989,(anonymous_104)
FN:1001,(anonymous_105)
FN:1002,(anonymous_106)
FN:1007,(anonymous_107)
FN:1010,(anonymous_108)
FN:1021,updateLastViewedCustomSegment
FN:1024,(anonymous_110)
FN:1030,(anonymous_111)
FN:1045,(anonymous_112)
FN:1046,(anonymous_113)
FN:1055,(anonymous_114)
FN:1060,(anonymous_115)
FN:1061,(anonymous_116)
FN:1075,(anonymous_117)
FN:1076,(anonymous_118)
FN:1091,convertIds
FN:1092,(anonymous_120)
FN:1098,getIndexedSyntheticPersonas
FN:1101,(anonymous_122)
FN:1119,convertSyntheticPersonas
FN:1136,(anonymous_124)
FN:1160,extractPartnerAttributeIds
FN:1163,(anonymous_126)
FN:1180,extractSelectedChoices
FN:1184,(anonymous_128)
FN:1204,mergeDuplicateTieredAttributeParents
FN:1207,(anonymous_130)
FN:1216,(anonymous_131)
FN:1237,(anonymous_132)
FN:1242,(anonymous_133)
FN:1261,(anonymous_134)
FN:1268,(anonymous_135)
FN:1281,(anonymous_136)
FN:1284,(anonymous_137)
FN:1287,(anonymous_138)
FN:1292,(anonymous_139)
FN:1293,(anonymous_140)
FN:1299,(anonymous_141)
FN:1325,extractFiltersFromSegment
FN:1334,(anonymous_143)
FN:1337,(anonymous_144)
FN:1360,(anonymous_145)
FN:1390,editInCart
FN:1404,(anonymous_147)
FN:1425,(anonymous_148)
FN:1432,(anonymous_149)
FN:1441,(anonymous_150)
FN:1452,(anonymous_151)
FN:1455,(anonymous_152)
FN:1464,(anonymous_153)
FN:1478,(anonymous_154)
FN:1528,(anonymous_155)
FN:1535,(anonymous_156)
FN:1544,(anonymous_157)
FN:1548,(anonymous_158)
FN:1557,(anonymous_159)
FN:1568,(anonymous_160)
FN:1572,(anonymous_161)
FN:1575,(anonymous_162)
FN:1587,(anonymous_163)
FN:1597,(anonymous_164)
FNF:165
FNH:0
FNDA:0,getUserEmailByUserId
FNDA:0,(anonymous_1)
FNDA:0,getMetrics
FNDA:0,(anonymous_3)
FNDA:0,getCommonApps
FNDA:0,(anonymous_5)
FNDA:0,deriveCalculating
FNDA:0,_convertSegments
FNDA:0,(anonymous_8)
FNDA:0,listAppAudience
FNDA:0,(anonymous_10)
FNDA:0,(anonymous_11)
FNDA:0,getSegmentsForOrgByType
FNDA:0,(anonymous_13)
FNDA:0,(anonymous_14)
FNDA:0,(anonymous_15)
FNDA:0,(anonymous_16)
FNDA:0,(anonymous_17)
FNDA:0,(anonymous_18)
FNDA:0,(anonymous_19)
FNDA:0,getAllSegmentsForOrg
FNDA:0,(anonymous_21)
FNDA:0,(anonymous_22)
FNDA:0,(anonymous_23)
FNDA:0,(anonymous_24)
FNDA:0,(anonymous_25)
FNDA:0,(anonymous_26)
FNDA:0,(anonymous_27)
FNDA:0,(anonymous_28)
FNDA:0,(anonymous_29)
FNDA:0,getTransmitHistory
FNDA:0,(anonymous_31)
FNDA:0,getSegmentTransmitHistory
FNDA:0,(anonymous_33)
FNDA:0,emailSegmentTransmitHistory
FNDA:0,(anonymous_35)
FNDA:0,(anonymous_36)
FNDA:0,(anonymous_37)
FNDA:0,getSegmentTransmitLogs
FNDA:0,(anonymous_39)
FNDA:0,readSegment
FNDA:0,(anonymous_41)
FNDA:0,(anonymous_42)
FNDA:0,(anonymous_43)
FNDA:0,(anonymous_44)
FNDA:0,(anonymous_45)
FNDA:0,(anonymous_46)
FNDA:0,(anonymous_47)
FNDA:0,(anonymous_48)
FNDA:0,getSegmentDefinitionById
FNDA:0,(anonymous_50)
FNDA:0,(anonymous_51)
FNDA:0,(anonymous_52)
FNDA:0,(anonymous_53)
FNDA:0,(anonymous_54)
FNDA:0,(anonymous_55)
FNDA:0,(anonymous_56)
FNDA:0,(anonymous_57)
FNDA:0,getRecentIntegrations
FNDA:0,(anonymous_59)
FNDA:0,(anonymous_60)
FNDA:0,(anonymous_61)
FNDA:0,createExport
FNDA:0,(anonymous_63)
FNDA:0,expireExports
FNDA:0,(anonymous_65)
FNDA:0,createLookalikeExpansionSegment
FNDA:0,(anonymous_67)
FNDA:0,(anonymous_68)
FNDA:0,updateLookalikeExpansionSegment
FNDA:0,(anonymous_70)
FNDA:0,(anonymous_71)
FNDA:0,(anonymous_72)
FNDA:0,(anonymous_73)
FNDA:0,create
FNDA:0,(anonymous_75)
FNDA:0,(anonymous_76)
FNDA:0,(anonymous_77)
FNDA:0,(anonymous_78)
FNDA:0,(anonymous_79)
FNDA:0,(anonymous_80)
FNDA:0,(anonymous_81)
FNDA:0,(anonymous_82)
FNDA:0,(anonymous_83)
FNDA:0,(anonymous_84)
FNDA:0,(anonymous_85)
FNDA:0,(anonymous_86)
FNDA:0,estimateDeviceCountForCategory
FNDA:0,(anonymous_88)
FNDA:0,estimatePersonasCount
FNDA:0,(anonymous_90)
FNDA:0,estimate
FNDA:0,(anonymous_92)
FNDA:0,attributesToCSV
FNDA:0,(anonymous_94)
FNDA:0,(anonymous_95)
FNDA:0,(anonymous_96)
FNDA:0,(anonymous_97)
FNDA:0,(anonymous_98)
FNDA:0,(anonymous_99)
FNDA:0,(anonymous_100)
FNDA:0,(anonymous_101)
FNDA:0,(anonymous_102)
FNDA:0,(anonymous_103)
FNDA:0,(anonymous_104)
FNDA:0,(anonymous_105)
FNDA:0,(anonymous_106)
FNDA:0,(anonymous_107)
FNDA:0,(anonymous_108)
FNDA:0,updateLastViewedCustomSegment
FNDA:0,(anonymous_110)
FNDA:0,(anonymous_111)
FNDA:0,(anonymous_112)
FNDA:0,(anonymous_113)
FNDA:0,(anonymous_114)
FNDA:0,(anonymous_115)
FNDA:0,(anonymous_116)
FNDA:0,(anonymous_117)
FNDA:0,(anonymous_118)
FNDA:0,convertIds
FNDA:0,(anonymous_120)
FNDA:0,getIndexedSyntheticPersonas
FNDA:0,(anonymous_122)
FNDA:0,convertSyntheticPersonas
FNDA:0,(anonymous_124)
FNDA:0,extractPartnerAttributeIds
FNDA:0,(anonymous_126)
FNDA:0,extractSelectedChoices
FNDA:0,(anonymous_128)
FNDA:0,mergeDuplicateTieredAttributeParents
FNDA:0,(anonymous_130)
FNDA:0,(anonymous_131)
FNDA:0,(anonymous_132)
FNDA:0,(anonymous_133)
FNDA:0,(anonymous_134)
FNDA:0,(anonymous_135)
FNDA:0,(anonymous_136)
FNDA:0,(anonymous_137)
FNDA:0,(anonymous_138)
FNDA:0,(anonymous_139)
FNDA:0,(anonymous_140)
FNDA:0,(anonymous_141)
FNDA:0,extractFiltersFromSegment
FNDA:0,(anonymous_143)
FNDA:0,(anonymous_144)
FNDA:0,(anonymous_145)
FNDA:0,editInCart
FNDA:0,(anonymous_147)
FNDA:0,(anonymous_148)
FNDA:0,(anonymous_149)
FNDA:0,(anonymous_150)
FNDA:0,(anonymous_151)
FNDA:0,(anonymous_152)
FNDA:0,(anonymous_153)
FNDA:0,(anonymous_154)
FNDA:0,(anonymous_155)
FNDA:0,(anonymous_156)
FNDA:0,(anonymous_157)
FNDA:0,(anonymous_158)
FNDA:0,(anonymous_159)
FNDA:0,(anonymous_160)
FNDA:0,(anonymous_161)
FNDA:0,(anonymous_162)
FNDA:0,(anonymous_163)
FNDA:0,(anonymous_164)
DA:3,0
DA:4,0
DA:5,0
DA:6,0
DA:7,0
DA:8,0
DA:9,0
DA:10,0
DA:11,0
DA:12,0
DA:13,0
DA:14,0
DA:15,0
DA:16,0
DA:17,0
DA:18,0
DA:19,0
DA:20,0
DA:21,0
DA:22,0
DA:23,0
DA:25,0
DA:26,0
DA:28,0
DA:29,0
DA:30,0
DA:32,0
DA:34,0
DA:36,0
DA:37,0
DA:39,0
DA:40,0
DA:41,0
DA:42,0
DA:43,0
DA:45,0
DA:52,0
DA:53,0
DA:55,0
DA:56,0
DA:57,0
DA:58,0
DA:60,0
DA:61,0
DA:62,0
DA:65,0
DA:71,0
DA:72,0
DA:73,0
DA:74,0
DA:75,0
DA:77,0
DA:78,0
DA:79,0
DA:80,0
DA:83,0
DA:92,0
DA:99,0
DA:100,0
DA:101,0
DA:104,0
DA:106,0
DA:107,0
DA:109,0
DA:111,0
DA:112,0
DA:114,0
DA:116,0
DA:119,0
DA:120,0
DA:123,0
DA:124,0
DA:127,0
DA:128,0
DA:131,0
DA:132,0
DA:137,0
DA:140,0
DA:141,0
DA:144,0
DA:146,0
DA:147,0
DA:148,0
DA:149,0
DA:150,0
DA:151,0
DA:153,0
DA:158,0
DA:159,0
DA:160,0
DA:161,0
DA:162,0
DA:164,0
DA:170,0
DA:171,0
DA:175,0
DA:177,0
DA:179,0
DA:182,0
DA:185,0
DA:190,0
DA:191,0
DA:192,0
DA:194,0
DA:200,0
DA:203,0
DA:209,0
DA:210,0
DA:212,0
DA:213,0
DA:216,0
DA:217,0
DA:218,0
DA:219,0
DA:223,0
DA:224,0
DA:227,0
DA:228,0
DA:232,0
DA:238,0
DA:239,0
DA:240,0
DA:243,0
DA:247,0
DA:248,0
DA:250,0
DA:251,0
DA:252,0
DA:254,0
DA:257,0
DA:263,0
DA:266,0
DA:267,0
DA:269,0
DA:270,0
DA:271,0
DA:273,0
DA:276,0
DA:283,0
DA:284,0
DA:285,0
DA:286,0
DA:288,0
DA:293,0
DA:294,0
DA:295,0
DA:296,0
DA:297,0
DA:299,0
DA:300,0
DA:301,0
DA:303,0
DA:306,0
DA:312,0
DA:313,0
DA:314,0
DA:315,0
DA:316,0
DA:319,0
DA:320,0
DA:321,0
DA:322,0
DA:323,0
DA:325,0
DA:330,0
DA:331,0
DA:332,0
DA:334,0
DA:335,0
DA:336,0
DA:337,0
DA:338,0
DA:340,0
DA:345,0
DA:346,0
DA:347,0
DA:349,0
DA:350,0
DA:352,0
DA:355,0
DA:356,0
DA:357,0
DA:359,0
DA:364,0
DA:365,0
DA:366,0
DA:367,0
DA:369,0
DA:373,0
DA:374,0
DA:375,0
DA:376,0
DA:378,0
DA:389,0
DA:390,0
DA:391,0
DA:392,0
DA:397,0
DA:398,0
DA:399,0
DA:400,0
DA:402,0
DA:409,0
DA:411,0
DA:412,0
DA:413,0
DA:414,0
DA:415,0
DA:416,0
DA:417,0
DA:419,0
DA:424,0
DA:425,0
DA:426,0
DA:427,0
DA:428,0
DA:429,0
DA:430,0
DA:431,0
DA:432,0
DA:433,0
DA:434,0
DA:436,0
DA:440,0
DA:446,0
DA:447,0
DA:449,0
DA:450,0
DA:451,0
DA:452,0
DA:453,0
DA:454,0
DA:455,0
DA:456,0
DA:457,0
DA:458,0
DA:459,0
DA:461,0
DA:465,0
DA:471,0
DA:472,0
DA:473,0
DA:474,0
DA:475,0
DA:477,0
DA:480,0
DA:481,0
DA:482,0
DA:483,0
DA:485,0
DA:489,0
DA:490,0
DA:491,0
DA:492,0
DA:493,0
DA:494,0
DA:495,0
DA:496,0
DA:499,0
DA:500,0
DA:501,0
DA:503,0
DA:508,0
DA:509,0
DA:510,0
DA:513,0
DA:518,0
DA:519,0
DA:520,0
DA:522,0
DA:523,0
DA:529,0
DA:530,0
DA:532,0
DA:533,0
DA:537,0
DA:543,0
DA:544,0
DA:545,0
DA:546,0
DA:548,0
DA:549,0
DA:550,0
DA:551,0
DA:556,0
DA:561,0
DA:562,0
DA:565,0
DA:568,0
DA:572,0
DA:573,0
DA:574,0
DA:575,0
DA:577,0
DA:584,0
DA:585,0
DA:595,0
DA:596,0
DA:597,0
DA:598,0
DA:600,0
DA:606,0
DA:607,0
DA:608,0
DA:609,0
DA:610,0
DA:611,0
DA:615,0
DA:616,0
DA:617,0
DA:620,0
DA:625,0
DA:626,0
DA:627,0
DA:628,0
DA:631,0
DA:635,0
DA:636,0
DA:637,0
DA:638,0
DA:639,0
DA:641,0
DA:654,0
DA:655,0
DA:656,0
DA:657,0
DA:659,0
DA:669,0
DA:670,0
DA:671,0
DA:672,0
DA:674,0
DA:676,0
DA:677,0
DA:678,0
DA:682,0
DA:683,0
DA:684,0
DA:688,0
DA:692,0
DA:693,0
DA:697,0
DA:698,0
DA:699,0
DA:700,0
DA:701,0
DA:703,0
DA:708,0
DA:709,0
DA:710,0
DA:711,0
DA:714,0
DA:728,0
DA:729,0
DA:730,0
DA:731,0
DA:733,0
DA:739,0
DA:740,0
DA:743,0
DA:744,0
DA:747,0
DA:748,0
DA:750,0
DA:751,0
DA:752,0
DA:753,0
DA:754,0
DA:755,0
DA:756,0
DA:757,0
DA:758,0
DA:759,0
DA:760,0
DA:761,0
DA:763,0
DA:766,0
DA:767,0
DA:768,0
DA:769,0
DA:770,0
DA:771,0
DA:773,0
DA:777,0
DA:780,0
DA:785,0
DA:786,0
DA:787,0
DA:789,0
DA:790,0
DA:791,0
DA:792,0
DA:793,0
DA:794,0
DA:795,0
DA:796,0
DA:797,0
DA:809,0
DA:810,0
DA:811,0
DA:812,0
DA:813,0
DA:814,0
DA:815,0
DA:816,0
DA:817,0
DA:818,0
DA:819,0
DA:821,0
DA:822,0
DA:823,0
DA:826,0
DA:831,0
DA:838,0
DA:844,0
DA:845,0
DA:846,0
DA:847,0
DA:848,0
DA:850,0
DA:851,0
DA:854,0
DA:855,0
DA:856,0
DA:857,0
DA:858,0
DA:861,0
DA:866,0
DA:867,0
DA:868,0
DA:870,0
DA:871,0
DA:874,0
DA:875,0
DA:876,0
DA:877,0
DA:878,0
DA:881,0
DA:885,0
DA:886,0
DA:887,0
DA:888,0
DA:890,0
DA:891,0
DA:892,0
DA:894,0
DA:895,0
DA:897,0
DA:898,0
DA:899,0
DA:903,0
DA:904,0
DA:906,0
DA:910,0
DA:911,0
DA:913,0
DA:914,0
DA:915,0
DA:916,0
DA:917,0
DA:919,0
DA:920,0
DA:922,0
DA:925,0
DA:926,0
DA:927,0
DA:932,0
DA:935,0
DA:936,0
DA:937,0
DA:938,0
DA:940,0
DA:941,0
DA:943,0
DA:944,0
DA:945,0
DA:948,0
DA:952,0
DA:956,0
DA:957,0
DA:958,0
DA:960,0
DA:963,0
DA:964,0
DA:965,0
DA:967,0
DA:968,0
DA:976,0
DA:981,0
DA:985,0
DA:990,0
DA:991,0
DA:992,0
DA:994,0
DA:1001,0
DA:1002,0
DA:1003,0
DA:1007,0
DA:1008,0
DA:1009,0
DA:1010,0
DA:1011,0
DA:1012,0
DA:1014,0
DA:1017,0
DA:1021,0
DA:1022,0
DA:1024,0
DA:1025,0
DA:1026,0
DA:1027,0
DA:1028,0
DA:1029,0
DA:1030,0
DA:1031,0
DA:1032,0
DA:1033,0
DA:1034,0
DA:1036,0
DA:1040,0
DA:1045,0
DA:1046,0
DA:1047,0
DA:1048,0
DA:1050,0
DA:1055,0
DA:1056,0
DA:1060,0
DA:1061,0
DA:1062,0
DA:1063,0
DA:1064,0
DA:1065,0
DA:1070,0
DA:1075,0
DA:1076,0
DA:1077,0
DA:1078,0
DA:1079,0
DA:1080,0
DA:1086,0
DA:1092,0
DA:1093,0
DA:1097,0
DA:1099,0
DA:1100,0
DA:1101,0
DA:1102,0
DA:1103,0
DA:1106,0
DA:1107,0
DA:1110,0
DA:1111,0
DA:1116,0
DA:1121,0
DA:1122,0
DA:1125,0
DA:1126,0
DA:1127,0
DA:1128,0
DA:1129,0
DA:1131,0
DA:1133,0
DA:1136,0
DA:1137,0
DA:1138,0
DA:1140,0
DA:1141,0
DA:1145,0
DA:1146,0
DA:1148,0
DA:1151,0
DA:1161,0
DA:1162,0
DA:1163,0
DA:1164,0
DA:1165,0
DA:1169,0
DA:1181,0
DA:1182,0
DA:1183,0
DA:1184,0
DA:1185,0
DA:1186,0
DA:1187,0
DA:1188,0
DA:1189,0
DA:1191,0
DA:1195,0
DA:1205,0
DA:1206,0
DA:1207,0
DA:1208,0
DA:1209,0
DA:1210,0
DA:1213,0
DA:1217,0
DA:1218,0
DA:1224,0
DA:1225,0
DA:1226,0
DA:1227,0
DA:1229,0
DA:1230,0
DA:1233,0
DA:1236,0
DA:1238,0
DA:1239,0
DA:1240,0
DA:1241,0
DA:1242,0
DA:1243,0
DA:1244,0
DA:1245,0
DA:1246,0
DA:1247,0
DA:1250,0
DA:1254,0
DA:1256,0
DA:1258,0
DA:1262,0
DA:1263,0
DA:1265,0
DA:1269,0
DA:1271,0
DA:1272,0
DA:1274,0
DA:1276,0
DA:1278,0
DA:1282,0
DA:1285,0
DA:1288,0
DA:1292,0
DA:1293,0
DA:1294,0
DA:1295,0
DA:1296,0
DA:1297,0
DA:1298,0
DA:1299,0
DA:1300,0
DA:1301,0
DA:1303,0
DA:1310,0
DA:1317,0
DA:1326,0
DA:1329,0
DA:1330,0
DA:1333,0
DA:1334,0
DA:1335,0
DA:1336,0
DA:1337,0
DA:1338,0
DA:1339,0
DA:1340,0
DA:1341,0
DA:1342,0
DA:1344,0
DA:1345,0
DA:1346,0
DA:1347,0
DA:1349,0
DA:1351,0
DA:1356,0
DA:1357,0
DA:1360,0
DA:1361,0
DA:1362,0
DA:1364,0
DA:1369,0
DA:1374,0
DA:1378,0
DA:1379,0
DA:1381,0
DA:1386,0
DA:1390,0
DA:1391,0
DA:1392,0
DA:1393,0
DA:1399,0
DA:1400,0
DA:1401,0
DA:1404,0
DA:1406,0
DA:1407,0
DA:1411,0
DA:1412,0
DA:1415,0
DA:1418,0
DA:1419,0
DA:1424,0
DA:1425,0
DA:1426,0
DA:1427,0
DA:1428,0
DA:1432,0
DA:1433,0
DA:1434,0
DA:1437,0
DA:1438,0
DA:1442,0
DA:1443,0
DA:1444,0
DA:1446,0
DA:1447,0
DA:1449,0
DA:1453,0
DA:1457,0
DA:1458,0
DA:1461,0
DA:1469,0
DA:1473,0
DA:1479,0
DA:1480,0
DA:1481,0
DA:1486,0
DA:1490,0
DA:1493,0
DA:1494,0
DA:1498,0
DA:1501,0
DA:1504,0
DA:1508,0
DA:1509,0
DA:1514,0
DA:1525,0
DA:1530,0
DA:1531,0
DA:1533,0
DA:1535,0
DA:1536,0
DA:1537,0
DA:1538,0
DA:1540,0
DA:1542,0
DA:1545,0
DA:1549,0
DA:1559,0
DA:1560,0
DA:1561,0
DA:1563,0
DA:1569,0
DA:1573,0
DA:1577,0
DA:1578,0
DA:1579,0
DA:1581,0
DA:1588,0
DA:1589,0
DA:1591,0
DA:1598,0
DA:1599,0
DA:1600,0
DA:1605,0
DA:1615,0
DA:1624,0
LF:757
LH:0
BRDA:40,0,0,0
BRDA:40,0,1,0
BRDA:56,1,0,0
BRDA:56,1,1,0
BRDA:57,2,0,0
BRDA:57,2,1,0
BRDA:73,3,0,0
BRDA:73,3,1,0
BRDA:74,4,0,0
BRDA:74,4,1,0
BRDA:93,5,0,0
BRDA:93,5,1,0
BRDA:93,5,2,0
BRDA:100,6,0,0
BRDA:100,6,1,0
BRDA:106,7,0,0
BRDA:106,7,1,0
BRDA:109,8,0,0
BRDA:109,8,1,0
BRDA:109,8,2,0
BRDA:109,8,3,0
BRDA:109,8,4,0
BRDA:111,9,0,0
BRDA:111,9,1,0
BRDA:144,10,0,0
BRDA:144,10,1,0
BRDA:146,11,0,0
BRDA:146,11,1,0
BRDA:148,12,0,0
BRDA:148,12,1,0
BRDA:159,13,0,0
BRDA:159,13,1,0
BRDA:171,14,0,0
BRDA:171,14,1,0
BRDA:175,15,0,0
BRDA:175,15,1,0
BRDA:175,16,0,0
BRDA:175,16,1,0
BRDA:190,17,0,0
BRDA:190,17,1,0
BRDA:209,18,0,0
BRDA:209,18,1,0
BRDA:217,19,0,0
BRDA:217,19,1,0
BRDA:223,20,0,0
BRDA:223,20,1,0
BRDA:239,21,0,0
BRDA:239,21,1,0
BRDA:247,22,0,0
BRDA:247,22,1,0
BRDA:251,23,0,0
BRDA:251,23,1,0
BRDA:266,24,0,0
BRDA:266,24,1,0
BRDA:270,25,0,0
BRDA:270,25,1,0
BRDA:283,26,0,0
BRDA:283,26,1,0
BRDA:294,27,0,0
BRDA:294,27,1,0
BRDA:300,28,0,0
BRDA:300,28,1,0
BRDA:315,29,0,0
BRDA:315,29,1,0
BRDA:320,30,0,0
BRDA:320,30,1,0
BRDA:335,31,0,0
BRDA:335,31,1,0
BRDA:349,32,0,0
BRDA:349,32,1,0
BRDA:356,33,0,0
BRDA:356,33,1,0
BRDA:364,34,0,0
BRDA:364,34,1,0
BRDA:373,35,0,0
BRDA:373,35,1,0
BRDA:397,36,0,0
BRDA:397,36,1,0
BRDA:409,37,0,0
BRDA:409,37,1,0
BRDA:412,38,0,0
BRDA:412,38,1,0
BRDA:416,39,0,0
BRDA:416,39,1,0
BRDA:425,40,0,0
BRDA:425,40,1,0
BRDA:429,41,0,0
BRDA:429,41,1,0
BRDA:431,42,0,0
BRDA:431,42,1,0
BRDA:433,43,0,0
BRDA:433,43,1,0
BRDA:450,44,0,0
BRDA:450,44,1,0
BRDA:454,45,0,0
BRDA:454,45,1,0
BRDA:456,46,0,0
BRDA:456,46,1,0
BRDA:472,47,0,0
BRDA:472,47,1,0
BRDA:474,48,0,0
BRDA:474,48,1,0
BRDA:480,49,0,0
BRDA:480,49,1,0
BRDA:482,50,0,0
BRDA:482,50,1,0
BRDA:482,51,0,0
BRDA:482,51,1,0
BRDA:491,52,0,0
BRDA:491,52,1,0
BRDA:495,53,0,0
BRDA:495,53,1,0
BRDA:495,54,0,0
BRDA:495,54,1,0
BRDA:500,55,0,0
BRDA:500,55,1,0
BRDA:509,56,0,0
BRDA:509,56,1,0
BRDA:519,57,0,0
BRDA:519,57,1,0
BRDA:523,58,0,0
BRDA:523,58,1,0
BRDA:524,59,0,0
BRDA:524,59,1,0
BRDA:524,59,2,0
BRDA:524,59,3,0
BRDA:543,60,0,0
BRDA:543,60,1,0
BRDA:572,61,0,0
BRDA:572,61,1,0
BRDA:595,62,0,0
BRDA:595,62,1,0
BRDA:608,63,0,0
BRDA:608,63,1,0
BRDA:609,64,0,0
BRDA:609,64,1,0
BRDA:627,65,0,0
BRDA:627,65,1,0
BRDA:627,66,0,0
BRDA:627,66,1,0
BRDA:635,67,0,0
BRDA:635,67,1,0
BRDA:638,68,0,0
BRDA:638,68,1,0
BRDA:654,69,0,0
BRDA:654,69,1,0
BRDA:676,70,0,0
BRDA:676,70,1,0
BRDA:682,71,0,0
BRDA:682,71,1,0
BRDA:688,72,0,0
BRDA:688,72,1,0
BRDA:688,73,0,0
BRDA:688,73,1,0
BRDA:698,74,0,0
BRDA:698,74,1,0
BRDA:710,75,0,0
BRDA:710,75,1,0
BRDA:710,76,0,0
BRDA:710,76,1,0
BRDA:728,77,0,0
BRDA:728,77,1,0
BRDA:751,78,0,0
BRDA:751,78,1,0
BRDA:755,79,0,0
BRDA:755,79,1,0
BRDA:755,80,0,0
BRDA:755,80,1,0
BRDA:756,81,0,0
BRDA:756,81,1,0
BRDA:758,82,0,0
BRDA:758,82,1,0
BRDA:766,83,0,0
BRDA:766,83,1,0
BRDA:768,84,0,0
BRDA:768,84,1,0
BRDA:790,85,0,0
BRDA:790,85,1,0
BRDA:794,86,0,0
BRDA:794,86,1,0
BRDA:794,87,0,0
BRDA:794,87,1,0
BRDA:809,88,0,0
BRDA:809,88,1,0
BRDA:813,89,0,0
BRDA:813,89,1,0
BRDA:815,90,0,0
BRDA:815,90,1,0
BRDA:848,91,0,0
BRDA:848,91,1,0
BRDA:850,92,0,0
BRDA:850,92,1,0
BRDA:855,93,0,0
BRDA:855,93,1,0
BRDA:870,94,0,0
BRDA:870,94,1,0
BRDA:875,95,0,0
BRDA:875,95,1,0
BRDA:891,96,0,0
BRDA:891,96,1,0
BRDA:894,97,0,0
BRDA:894,97,1,0
BRDA:903,98,0,0
BRDA:903,98,1,0
BRDA:917,99,0,0
BRDA:917,99,1,0
BRDA:919,100,0,0
BRDA:919,100,1,0
BRDA:926,101,0,0
BRDA:926,101,1,0
BRDA:935,102,0,0
BRDA:935,102,1,0
BRDA:937,103,0,0
BRDA:937,103,1,0
BRDA:944,104,0,0
BRDA:944,104,1,0
BRDA:956,105,0,0
BRDA:956,105,1,0
BRDA:964,106,0,0
BRDA:964,106,1,0
BRDA:990,107,0,0
BRDA:990,107,1,0
BRDA:1009,108,0,0
BRDA:1009,108,1,0
BRDA:1009,109,0,0
BRDA:1009,109,1,0
BRDA:1011,110,0,0
BRDA:1011,110,1,0
BRDA:1025,111,0,0
BRDA:1025,111,1,0
BRDA:1029,112,0,0
BRDA:1029,112,1,0
BRDA:1029,113,0,0
BRDA:1029,113,1,0
BRDA:1031,114,0,0
BRDA:1031,114,1,0
BRDA:1047,115,0,0
BRDA:1047,115,1,0
BRDA:1047,116,0,0
BRDA:1047,116,1,0
BRDA:1047,116,2,0
BRDA:1062,117,0,0
BRDA:1062,117,1,0
BRDA:1064,118,0,0
BRDA:1064,118,1,0
BRDA:1064,119,0,0
BRDA:1064,119,1,0
BRDA:1077,120,0,0
BRDA:1077,120,1,0
BRDA:1079,121,0,0
BRDA:1079,121,1,0
BRDA:1079,122,0,0
BRDA:1079,122,1,0
BRDA:1079,122,2,0
BRDA:1099,123,0,0
BRDA:1099,123,1,0
BRDA:1102,124,0,0
BRDA:1102,124,1,0
BRDA:1106,125,0,0
BRDA:1106,125,1,0
BRDA:1110,126,0,0
BRDA:1110,126,1,0
BRDA:1121,127,0,0
BRDA:1121,127,1,0
BRDA:1127,128,0,0
BRDA:1127,128,1,0
BRDA:1127,129,0,0
BRDA:1127,129,1,0
BRDA:1131,130,0,0
BRDA:1131,130,1,0
BRDA:1137,131,0,0
BRDA:1137,131,1,0
BRDA:1145,132,0,0
BRDA:1145,132,1,0
BRDA:1162,133,0,0
BRDA:1162,133,1,0
BRDA:1164,134,0,0
BRDA:1164,134,1,0
BRDA:1182,135,0,0
BRDA:1182,135,1,0
BRDA:1182,136,0,0
BRDA:1182,136,1,0
BRDA:1182,136,2,0
BRDA:1186,137,0,0
BRDA:1186,137,1,0
BRDA:1188,138,0,0
BRDA:1188,138,1,0
BRDA:1208,139,0,0
BRDA:1208,139,1,0
BRDA:1208,140,0,0
BRDA:1208,140,1,0
BRDA:1217,141,0,0
BRDA:1217,141,1,0
BRDA:1238,142,0,0
BRDA:1238,142,1,0
BRDA:1241,143,0,0
BRDA:1241,143,1,0
BRDA:1244,144,0,0
BRDA:1244,144,1,0
BRDA:1245,145,0,0
BRDA:1245,145,1,0
BRDA:1262,146,0,0
BRDA:1262,146,1,0
BRDA:1269,147,0,0
BRDA:1269,147,1,0
BRDA:1271,148,0,0
BRDA:1271,148,1,0
BRDA:1294,149,0,0
BRDA:1294,149,1,0
BRDA:1298,150,0,0
BRDA:1298,150,1,0
BRDA:1298,151,0,0
BRDA:1298,151,1,0
BRDA:1300,152,0,0
BRDA:1300,152,1,0
BRDA:1329,153,0,0
BRDA:1329,153,1,0
BRDA:1329,154,0,0
BRDA:1329,154,1,0
BRDA:1333,155,0,0
BRDA:1333,155,1,0
BRDA:1333,156,0,0
BRDA:1333,156,1,0
BRDA:1338,157,0,0
BRDA:1338,157,1,0
BRDA:1339,158,0,0
BRDA:1339,158,1,0
BRDA:1340,159,0,0
BRDA:1340,159,1,0
BRDA:1341,160,0,0
BRDA:1341,160,1,0
BRDA:1344,161,0,0
BRDA:1344,161,1,0
BRDA:1346,162,0,0
BRDA:1346,162,1,0
BRDA:1351,163,0,0
BRDA:1351,163,1,0
BRDA:1352,164,0,0
BRDA:1352,164,1,0
BRDA:1352,164,2,0
BRDA:1356,165,0,0
BRDA:1356,165,1,0
BRDA:1361,166,0,0
BRDA:1361,166,1,0
BRDA:1378,167,0,0
BRDA:1378,167,1,0
BRDA:1378,168,0,0
BRDA:1378,168,1,0
BRDA:1378,168,2,0
BRDA:1400,169,0,0
BRDA:1400,169,1,0
BRDA:1400,170,0,0
BRDA:1400,170,1,0
BRDA:1406,171,0,0
BRDA:1406,171,1,0
BRDA:1411,172,0,0
BRDA:1411,172,1,0
BRDA:1418,173,0,0
BRDA:1418,173,1,0
BRDA:1426,174,0,0
BRDA:1426,174,1,0
BRDA:1442,175,0,0
BRDA:1442,175,1,0
BRDA:1446,176,0,0
BRDA:1446,176,1,0
BRDA:1457,177,0,0
BRDA:1457,177,1,0
BRDA:1469,178,0,0
BRDA:1469,178,1,0
BRDA:1470,179,0,0
BRDA:1470,179,1,0
BRDA:1470,179,2,0
BRDA:1479,180,0,0
BRDA:1479,180,1,0
BRDA:1481,181,0,0
BRDA:1481,181,1,0
BRDA:1482,182,0,0
BRDA:1482,182,1,0
BRDA:1482,182,2,0
BRDA:1493,183,0,0
BRDA:1493,183,1,0
BRDA:1530,184,0,0
BRDA:1530,184,1,0
BRDA:1533,185,0,0
BRDA:1533,185,1,0
BRDA:1536,186,0,0
BRDA:1536,186,1,0
BRDA:1559,187,0,0
BRDA:1559,187,1,0
BRDA:1577,188,0,0
BRDA:1577,188,1,0
BRDA:1588,189,0,0
BRDA:1588,189,1,0
BRDA:1598,190,0,0
BRDA:1598,190,1,0
BRF:395
BRH:0
end_of_record
TN:
SF:exploratron/utils/cart.js
FN:15,cartEditHash
FN:19,cartItemHash
FN:23,cartFilterHash
FN:27,clear
FN:30,(anonymous_4)
FN:31,(anonymous_5)
FN:40,(anonymous_6)
FN:41,(anonymous_7)
FN:55,remove
FN:57,(anonymous_9)
FN:67,add
FN:68,(anonymous_11)
FN:78,list
FN:80,(anonymous_13)
FN:85,(anonymous_14)
FN:97,clearEdit
FN:101,setEdit
FN:110,getEdit
FN:112,(anonymous_18)
FN:117,(anonymous_19)
FN:131,removeFilter
FN:133,(anonymous_21)
FN:143,addFilter
FN:144,(anonymous_23)
FN:154,listFilters
FN:156,(anonymous_25)
FN:161,(anonymous_26)
FNF:27
FNH:0
FNDA:0,cartEditHash
FNDA:0,cartItemHash
FNDA:0,cartFilterHash
FNDA:0,clear
FNDA:0,(anonymous_4)
FNDA:0,(anonymous_5)
FNDA:0,(anonymous_6)
FNDA:0,(anonymous_7)
FNDA:0,remove
FNDA:0,(anonymous_9)
FNDA:0,add
FNDA:0,(anonymous_11)
FNDA:0,list
FNDA:0,(anonymous_13)
FNDA:0,(anonymous_14)
FNDA:0,clearEdit
FNDA:0,setEdit
FNDA:0,getEdit
FNDA:0,(anonymous_18)
FNDA:0,(anonymous_19)
FNDA:0,removeFilter
FNDA:0,(anonymous_21)
FNDA:0,addFilter
FNDA:0,(anonymous_23)
FNDA:0,listFilters
FNDA:0,(anonymous_25)
FNDA:0,(anonymous_26)
DA:3,0
DA:5,0
DA:6,0
DA:7,0
DA:9,0
DA:10,0
DA:11,0
DA:13,0
DA:16,0
DA:20,0
DA:24,0
DA:27,0
DA:28,0
DA:31,0
DA:32,0
DA:33,0
DA:34,0
DA:36,0
DA:41,0
DA:42,0
DA:43,0
DA:44,0
DA:46,0
DA:55,0
DA:56,0
DA:57,0
DA:58,0
DA:59,0
DA:60,0
DA:62,0
DA:67,0
DA:68,0
DA:69,0
DA:70,0
DA:71,0
DA:73,0
DA:78,0
DA:79,0
DA:80,0
DA:81,0
DA:82,0
DA:83,0
DA:85,0
DA:86,0
DA:87,0
DA:91,0
DA:97,0
DA:98,0
DA:101,0
DA:102,0
DA:110,0
DA:111,0
DA:112,0
DA:113,0
DA:114,0
DA:115,0
DA:117,0
DA:118,0
DA:119,0
DA:123,0
DA:131,0
DA:132,0
DA:133,0
DA:134,0
DA:135,0
DA:136,0
DA:138,0
DA:143,0
DA:144,0
DA:145,0
DA:146,0
DA:147,0
DA:149,0
DA:154,0
DA:155,0
DA:156,0
DA:157,0
DA:158,0
DA:159,0
DA:161,0
DA:162,0
DA:163,0
DA:167,0
DA:173,0
LF:84
LH:0
BRDA:32,0,0,0
BRDA:32,0,1,0
BRDA:42,1,0,0
BRDA:42,1,1,0
BRDA:58,2,0,0
BRDA:58,2,1,0
BRDA:69,3,0,0
BRDA:69,3,1,0
BRDA:81,4,0,0
BRDA:81,4,1,0
BRDA:86,5,0,0
BRDA:86,5,1,0
BRDA:113,6,0,0
BRDA:113,6,1,0
BRDA:118,7,0,0
BRDA:118,7,1,0
BRDA:134,8,0,0
BRDA:134,8,1,0
BRDA:145,9,0,0
BRDA:145,9,1,0
BRDA:157,10,0,0
BRDA:157,10,1,0
BRDA:162,11,0,0
BRDA:162,11,1,0
BRF:24
BRH:0
end_of_record
TN:
SF:exploratron/utils/marketplace-datatype-details.js
FNF:0
FNH:0
DA:3,0
DA:13,0
DA:14,0
DA:50,0
DA:77,0
DA:104,0
DA:127,0
DA:164,0
DA:190,0
DA:222,0
DA:253,0
DA:285,0
DA:322,0
DA:359,0
DA:382,0
DA:400,0
LF:16
LH:0
BRF:0
BRH:0
end_of_record
TN:
SF:exploratron/utils/marketplaceSearchQuery.js
FN:14,createQuery
FN:26,(anonymous_1)
FN:29,(anonymous_2)
FN:43,(anonymous_3)
FN:58,(anonymous_4)
FN:71,(anonymous_5)
FN:79,(anonymous_6)
FN:118,sortField
FN:153,betaLevelConstraints
FN:174,createOptions
FN:193,createFilterQuery
FN:199,(anonymous_11)
FN:208,(anonymous_12)
FN:217,(anonymous_13)
FN:250,createCuratedCollectionQuery
FN:257,(anonymous_15)
FN:265,(anonymous_16)
FN:281,searchTermPermutation
FNF:18
FNH:0
FNDA:0,createQuery
FNDA:0,(anonymous_1)
FNDA:0,(anonymous_2)
FNDA:0,(anonymous_3)
FNDA:0,(anonymous_4)
FNDA:0,(anonymous_5)
FNDA:0,(anonymous_6)
FNDA:0,sortField
FNDA:0,betaLevelConstraints
FNDA:0,createOptions
FNDA:0,createFilterQuery
FNDA:0,(anonymous_11)
FNDA:0,(anonymous_12)
FNDA:0,(anonymous_13)
FNDA:0,createCuratedCollectionQuery
FNDA:0,(anonymous_15)
FNDA:0,(anonymous_16)
FNDA:0,searchTermPermutation
DA:5,0
DA:6,0
DA:7,0
DA:9,0
DA:15,0
DA:21,0
DA:22,0
DA:24,0
DA:25,0
DA:26,0
DA:27,0
DA:29,0
DA:30,0
DA:35,0
DA:39,0
DA:42,0
DA:43,0
DA:48,0
DA:50,0
DA:51,0
DA:53,0
DA:54,0
DA:56,0
DA:57,0
DA:58,0
DA:59,0
DA:60,0
DA:63,0
DA:64,0
DA:65,0
DA:69,0
DA:70,0
DA:71,0
DA:73,0
DA:75,0
DA:77,0
DA:78,0
DA:79,0
DA:81,0
DA:84,0
DA:85,0
DA:86,0
DA:87,0
DA:88,0
DA:89,0
DA:92,0
DA:93,0
DA:94,0
DA:97,0
DA:107,0
DA:111,0
DA:112,0
DA:115,0
DA:119,0
DA:121,0
DA:123,0
DA:124,0
DA:126,0
DA:127,0
DA:129,0
DA:130,0
DA:132,0
DA:135,0
DA:154,0
DA:164,0
DA:175,0
DA:176,0
DA:178,0
DA:190,0
DA:194,0
DA:195,0
DA:197,0
DA:198,0
DA:199,0
DA:200,0
DA:202,0
DA:203,0
DA:206,0
DA:207,0
DA:208,0
DA:209,0
DA:211,0
DA:212,0
DA:215,0
DA:216,0
DA:217,0
DA:218,0
DA:219,0
DA:221,0
DA:224,0
DA:225,0
DA:229,0
DA:231,0
DA:234,0
DA:235,0
DA:238,0
DA:251,0
DA:252,0
DA:255,0
DA:256,0
DA:257,0
DA:259,0
DA:262,0
DA:263,0
DA:265,0
DA:269,0
DA:271,0
DA:282,0
DA:283,0
DA:286,0
DA:287,0
DA:288,0
DA:289,0
DA:290,0
DA:291,0
DA:294,0
DA:296,0
DA:297,0
DA:298,0
DA:299,0
DA:300,0
DA:301,0
DA:302,0
LF:123
LH:0
BRDA:24,0,0,0
BRDA:24,0,1,0
BRDA:50,1,0,0
BRDA:50,1,1,0
BRDA:53,2,0,0
BRDA:53,2,1,0
BRDA:56,3,0,0
BRDA:56,3,1,0
BRDA:57,4,0,0
BRDA:57,4,1,0
BRDA:59,5,0,0
BRDA:59,5,1,0
BRDA:64,6,0,0
BRDA:64,6,1,0
BRDA:69,7,0,0
BRDA:69,7,1,0
BRDA:70,8,0,0
BRDA:70,8,1,0
BRDA:77,9,0,0
BRDA:77,9,1,0
BRDA:78,10,0,0
BRDA:78,10,1,0
BRDA:84,11,0,0
BRDA:84,11,1,0
BRDA:87,12,0,0
BRDA:87,12,1,0
BRDA:92,13,0,0
BRDA:92,13,1,0
BRDA:111,14,0,0
BRDA:111,14,1,0
BRDA:121,15,0,0
BRDA:121,15,1,0
BRDA:121,15,2,0
BRDA:121,15,3,0
BRDA:164,16,0,0
BRDA:164,16,1,0
BRDA:175,17,0,0
BRDA:175,17,1,0
BRDA:176,18,0,0
BRDA:176,18,1,0
BRDA:197,19,0,0
BRDA:197,19,1,0
BRDA:202,20,0,0
BRDA:202,20,1,0
BRDA:206,21,0,0
BRDA:206,21,1,0
BRDA:211,22,0,0
BRDA:211,22,1,0
BRDA:215,23,0,0
BRDA:215,23,1,0
BRDA:218,24,0,0
BRDA:218,24,1,0
BRDA:224,25,0,0
BRDA:224,25,1,0
BRDA:229,26,0,0
BRDA:229,26,1,0
BRDA:229,27,0,0
BRDA:229,27,1,0
BRDA:229,27,2,0
BRDA:234,28,0,0
BRDA:234,28,1,0
BRDA:251,29,0,0
BRDA:251,29,1,0
BRDA:251,30,0,0
BRDA:251,30,1,0
BRDA:256,31,0,0
BRDA:256,31,1,0
BRDA:262,32,0,0
BRDA:262,32,1,0
BRDA:262,33,0,0
BRDA:262,33,1,0
BRDA:282,34,0,0
BRDA:282,34,1,0
BRDA:282,35,0,0
BRDA:282,35,1,0
BRDA:290,36,0,0
BRDA:290,36,1,0
BRF:77
BRH:0
end_of_record
TN:
SF:exploratron/utils/marketplaceSearchResults.js
FN:12,convertCloudSearchResult
FN:61,(anonymous_1)
FN:130,(anonymous_2)
FN:141,convertPropensityFacet
FN:144,(anonymous_4)
FN:167,convertCloudSearchResults
FN:177,(anonymous_6)
FNF:7
FNH:0
FNDA:0,convertCloudSearchResult
FNDA:0,(anonymous_1)
FNDA:0,(anonymous_2)
FNDA:0,convertPropensityFacet
FNDA:0,(anonymous_4)
FNDA:0,convertCloudSearchResults
FNDA:0,(anonymous_6)
DA:5,0
DA:7,0
DA:8,0
DA:10,0
DA:13,0
DA:15,0
DA:16,0
DA:17,0
DA:18,0
DA:19,0
DA:21,0
DA:22,0
DA:24,0
DA:25,0
DA:27,0
DA:28,0
DA:30,0
DA:31,0
DA:33,0
DA:34,0
DA:36,0
DA:37,0
DA:39,0
DA:40,0
DA:42,0
DA:43,0
DA:45,0
DA:46,0
DA:48,0
DA:49,0
DA:51,0
DA:52,0
DA:54,0
DA:55,0
DA:57,0
DA:58,0
DA:60,0
DA:61,0
DA:63,0
DA:64,0
DA:66,0
DA:67,0
DA:69,0
DA:70,0
DA:73,0
DA:74,0
DA:77,0
DA:78,0
DA:81,0
DA:82,0
DA:85,0
DA:86,0
DA:89,0
DA:90,0
DA:93,0
DA:94,0
DA:97,0
DA:98,0
DA:99,0
DA:100,0
DA:104,0
DA:106,0
DA:107,0
DA:109,0
DA:111,0
DA:112,0
DA:114,0
DA:116,0
DA:117,0
DA:118,0
DA:119,0
DA:121,0
DA:124,0
DA:127,0
DA:128,0
DA:130,0
DA:131,0
DA:134,0
DA:136,0
DA:144,0
DA:145,0
DA:146,0
DA:147,0
DA:149,0
DA:150,0
DA:152,0
DA:156,0
DA:157,0
DA:158,0
DA:160,0
DA:161,0
DA:164,0
DA:168,0
DA:169,0
DA:170,0
DA:171,0
DA:172,0
DA:173,0
DA:174,0
DA:175,0
DA:176,0
DA:177,0
DA:178,0
DA:181,0
DA:182,0
DA:183,0
DA:186,0
DA:189,0
DA:190,0
LF:109
LH:0
BRDA:21,0,0,0
BRDA:21,0,1,0
BRDA:21,1,0,0
BRDA:21,1,1,0
BRDA:24,2,0,0
BRDA:24,2,1,0
BRDA:24,3,0,0
BRDA:24,3,1,0
BRDA:27,4,0,0
BRDA:27,4,1,0
BRDA:27,5,0,0
BRDA:27,5,1,0
BRDA:30,6,0,0
BRDA:30,6,1,0
BRDA:30,7,0,0
BRDA:30,7,1,0
BRDA:33,8,0,0
BRDA:33,8,1,0
BRDA:33,9,0,0
BRDA:33,9,1,0
BRDA:36,10,0,0
BRDA:36,10,1,0
BRDA:36,11,0,0
BRDA:36,11,1,0
BRDA:39,12,0,0
BRDA:39,12,1,0
BRDA:39,13,0,0
BRDA:39,13,1,0
BRDA:42,14,0,0
BRDA:42,14,1,0
BRDA:42,15,0,0
BRDA:42,15,1,0
BRDA:45,16,0,0
BRDA:45,16,1,0
BRDA:45,17,0,0
BRDA:45,17,1,0
BRDA:48,18,0,0
BRDA:48,18,1,0
BRDA:48,19,0,0
BRDA:48,19,1,0
BRDA:51,20,0,0
BRDA:51,20,1,0
BRDA:51,21,0,0
BRDA:51,21,1,0
BRDA:54,22,0,0
BRDA:54,22,1,0
BRDA:54,23,0,0
BRDA:54,23,1,0
BRDA:57,24,0,0
BRDA:57,24,1,0
BRDA:57,25,0,0
BRDA:57,25,1,0
BRDA:60,26,0,0
BRDA:60,26,1,0
BRDA:60,27,0,0
BRDA:60,27,1,0
BRDA:63,28,0,0
BRDA:63,28,1,0
BRDA:63,29,0,0
BRDA:63,29,1,0
BRDA:66,30,0,0
BRDA:66,30,1,0
BRDA:66,31,0,0
BRDA:66,31,1,0
BRDA:69,32,0,0
BRDA:69,32,1,0
BRDA:69,33,0,0
BRDA:69,33,1,0
BRDA:73,34,0,0
BRDA:73,34,1,0
BRDA:73,35,0,0
BRDA:73,35,1,0
BRDA:77,36,0,0
BRDA:77,36,1,0
BRDA:77,37,0,0
BRDA:77,37,1,0
BRDA:81,38,0,0
BRDA:81,38,1,0
BRDA:81,39,0,0
BRDA:81,39,1,0
BRDA:85,40,0,0
BRDA:85,40,1,0
BRDA:85,41,0,0
BRDA:85,41,1,0
BRDA:89,42,0,0
BRDA:89,42,1,0
BRDA:89,43,0,0
BRDA:89,43,1,0
BRDA:93,44,0,0
BRDA:93,44,1,0
BRDA:97,45,0,0
BRDA:97,45,1,0
BRDA:97,46,0,0
BRDA:97,46,1,0
BRDA:99,47,0,0
BRDA:99,47,1,0
BRDA:104,48,0,0
BRDA:104,48,1,0
BRDA:104,48,2,0
BRDA:104,48,3,0
BRDA:106,49,0,0
BRDA:106,49,1,0
BRDA:106,50,0,0
BRDA:106,50,1,0
BRDA:106,50,2,0
BRDA:111,51,0,0
BRDA:111,51,1,0
BRDA:118,52,0,0
BRDA:118,52,1,0
BRDA:118,53,0,0
BRDA:118,53,1,0
BRDA:127,54,0,0
BRDA:127,54,1,0
BRDA:134,55,0,0
BRDA:134,55,1,0
BRDA:134,56,0,0
BRDA:134,56,1,0
BRDA:145,57,0,0
BRDA:145,57,1,0
BRDA:145,58,0,0
BRDA:145,58,1,0
BRDA:149,59,0,0
BRDA:149,59,1,0
BRDA:157,60,0,0
BRDA:157,60,1,0
BRDA:160,61,0,0
BRDA:160,61,1,0
BRDA:169,62,0,0
BRDA:169,62,1,0
BRDA:169,63,0,0
BRDA:169,63,1,0
BRDA:176,64,0,0
BRDA:176,64,1,0
BRDA:176,65,0,0
BRDA:176,65,1,0
BRDA:181,66,0,0
BRDA:181,66,1,0
BRF:137
BRH:0
end_of_record
TN:
SF:exploratron/utils/responseCacheFilter.js
FN:9,(anonymous_0)
FN:10,(anonymous_1)
FN:17,(anonymous_2)
FN:35,(anonymous_3)
FN:41,(anonymous_4)
FNF:5
FNH:0
FNDA:0,(anonymous_0)
FNDA:0,(anonymous_1)
FNDA:0,(anonymous_2)
FNDA:0,(anonymous_3)
FNDA:0,(anonymous_4)
DA:1,0
DA:2,0
DA:4,0
DA:6,0
DA:8,0
DA:9,0
DA:10,0
DA:11,0
DA:13,0
DA:15,0
DA:17,0
DA:18,0
DA:19,0
DA:20,0
DA:21,0
DA:22,0
DA:23,0
DA:24,0
DA:25,0
DA:26,0
DA:28,0
DA:31,0
DA:34,0
DA:35,0
DA:36,0
DA:41,0
DA:42,0
DA:46,0
LF:28
LH:0
BRDA:11,0,0,0
BRDA:11,0,1,0
BRDA:18,1,0,0
BRDA:18,1,1,0
BRDA:21,2,0,0
BRDA:21,2,1,0
BRDA:24,3,0,0
BRDA:24,3,1,0
BRDA:37,4,0,0
BRDA:37,4,1,0
BRDA:37,5,0,0
BRDA:37,5,1,0
BRDA:38,6,0,0
BRDA:38,6,1,0
BRDA:38,7,0,0
BRDA:38,7,1,0
BRF:16
BRH:0
end_of_record
TN:
SF:exploratron/utils/search.js
FN:34,getTopLevelSearchResultCount
FN:86,getFacetsForSearch
FN:109,(anonymous_2)
FN:125,getFolderIdsForCuratedCollection
FN:151,(anonymous_4)
FN:152,(anonymous_5)
FN:158,(anonymous_6)
FN:162,(anonymous_7)
FN:168,(anonymous_8)
FN:174,(anonymous_9)
FN:179,(anonymous_10)
FN:189,getFoldersForSearch
FN:208,(anonymous_12)
FN:221,groupAndAggregateItemsInFolders
FN:225,(anonymous_14)
FN:231,(anonymous_15)
FN:243,(anonymous_16)
FN:254,search
FN:296,(anonymous_18)
FN:303,(anonymous_19)
FN:316,(anonymous_20)
FN:324,(anonymous_21)
FN:340,(anonymous_22)
FN:353,(anonymous_23)
FN:384,(anonymous_24)
FN:388,(anonymous_25)
FN:412,(anonymous_26)
FN:416,(anonymous_27)
FN:436,(anonymous_28)
FN:460,(anonymous_29)
FN:476,(anonymous_30)
FN:502,suggestions
FN:518,(anonymous_32)
FN:525,(anonymous_33)
FN:528,(anonymous_34)
FN:534,(anonymous_35)
FN:546,getItem
FN:553,getItems
FN:572,getFolderCount
FN:585,(anonymous_39)
FNF:40
FNH:0
FNDA:0,getTopLevelSearchResultCount
FNDA:0,getFacetsForSearch
FNDA:0,(anonymous_2)
FNDA:0,getFolderIdsForCuratedCollection
FNDA:0,(anonymous_4)
FNDA:0,(anonymous_5)
FNDA:0,(anonymous_6)
FNDA:0,(anonymous_7)
FNDA:0,(anonymous_8)
FNDA:0,(anonymous_9)
FNDA:0,(anonymous_10)
FNDA:0,getFoldersForSearch
FNDA:0,(anonymous_12)
FNDA:0,groupAndAggregateItemsInFolders
FNDA:0,(anonymous_14)
FNDA:0,(anonymous_15)
FNDA:0,(anonymous_16)
FNDA:0,search
FNDA:0,(anonymous_18)
FNDA:0,(anonymous_19)
FNDA:0,(anonymous_20)
FNDA:0,(anonymous_21)
FNDA:0,(anonymous_22)
FNDA:0,(anonymous_23)
FNDA:0,(anonymous_24)
FNDA:0,(anonymous_25)
FNDA:0,(anonymous_26)
FNDA:0,(anonymous_27)
FNDA:0,(anonymous_28)
FNDA:0,(anonymous_29)
FNDA:0,(anonymous_30)
FNDA:0,suggestions
FNDA:0,(anonymous_32)
FNDA:0,(anonymous_33)
FNDA:0,(anonymous_34)
FNDA:0,(anonymous_35)
FNDA:0,getItem
FNDA:0,getItems
FNDA:0,getFolderCount
FNDA:0,(anonymous_39)
DA:3,0
DA:4,0
DA:5,0
DA:6,0
DA:7,0
DA:8,0
DA:10,0
DA:11,0
DA:12,0
DA:14,0
DA:25,0
DA:27,0
DA:29,0
DA:42,0
DA:44,0
DA:54,0
DA:55,0
DA:56,0
DA:59,0
DA:60,0
DA:63,0
DA:64,0
DA:65,0
DA:67,0
DA:68,0
DA:71,0
DA:73,0
DA:74,0
DA:87,0
DA:88,0
DA:90,0
DA:105,0
DA:106,0
DA:109,0
DA:110,0
DA:111,0
DA:112,0
DA:115,0
DA:116,0
DA:119,0
DA:126,0
DA:127,0
DA:128,0
DA:131,0
DA:134,0
DA:135,0
DA:136,0
DA:137,0
DA:139,0
DA:147,0
DA:149,0
DA:152,0
DA:153,0
DA:154,0
DA:155,0
DA:158,0
DA:159,0
DA:163,0
DA:164,0
DA:165,0
DA:168,0
DA:169,0
DA:170,0
DA:171,0
DA:174,0
DA:175,0
DA:180,0
DA:182,0
DA:190,0
DA:191,0
DA:193,0
DA:203,0
DA:204,0
DA:205,0
DA:208,0
DA:209,0
DA:210,0
DA:211,0
DA:214,0
DA:215,0
DA:222,0
DA:225,0
DA:226,0
DA:231,0
DA:232,0
DA:233,0
DA:234,0
DA:239,0
DA:243,0
DA:244,0
DA:247,0
DA:254,0
DA:255,0
DA:256,0
DA:257,0
DA:260,0
DA:261,0
DA:263,0
DA:271,0
DA:272,0
DA:273,0
DA:275,0
DA:276,0
DA:277,0
DA:278,0
DA:282,0
DA:283,0
DA:284,0
DA:287,0
DA:289,0
DA:291,0
DA:292,0
DA:297,0
DA:298,0
DA:301,0
DA:304,0
DA:305,0
DA:310,0
DA:314,0
DA:318,0
DA:322,0
DA:325,0
DA:326,0
DA:329,0
DA:330,0
DA:341,0
DA:342,0
DA:345,0
DA:352,0
DA:353,0
DA:354,0
DA:355,0
DA:361,0
DA:365,0
DA:366,0
DA:369,0
DA:370,0
DA:371,0
DA:373,0
DA:376,0
DA:382,0
DA:385,0
DA:386,0
DA:388,0
DA:389,0
DA:390,0
DA:391,0
DA:394,0
DA:399,0
DA:401,0
DA:405,0
DA:406,0
DA:409,0
DA:413,0
DA:414,0
DA:416,0
DA:417,0
DA:418,0
DA:419,0
DA:422,0
DA:427,0
DA:428,0
DA:431,0
DA:436,0
DA:437,0
DA:438,0
DA:445,0
DA:452,0
DA:453,0
DA:456,0
DA:457,0
DA:460,0
DA:461,0
DA:462,0
DA:463,0
DA:466,0
DA:472,0
DA:475,0
DA:476,0
DA:477,0
DA:478,0
DA:483,0
DA:487,0
DA:488,0
DA:491,0
DA:502,0
DA:503,0
DA:504,0
DA:505,0
DA:507,0
DA:508,0
DA:511,0
DA:517,0
DA:518,0
DA:519,0
DA:520,0
DA:521,0
DA:524,0
DA:525,0
DA:527,0
DA:528,0
DA:529,0
DA:533,0
DA:535,0
DA:540,0
DA:546,0
DA:547,0
DA:553,0
DA:554,0
DA:555,0
DA:557,0
DA:572,0
DA:573,0
DA:574,0
DA:576,0
DA:577,0
DA:579,0
DA:585,0
DA:586,0
DA:587,0
DA:588,0
DA:591,0
DA:592,0
DA:594,0
DA:599,0
LF:225
LH:0
BRDA:55,0,0,0
BRDA:55,0,1,0
BRDA:59,1,0,0
BRDA:59,1,1,0
BRDA:67,2,0,0
BRDA:67,2,1,0
BRDA:105,3,0,0
BRDA:105,3,1,0
BRDA:110,4,0,0
BRDA:110,4,1,0
BRDA:115,5,0,0
BRDA:115,5,1,0
BRDA:127,6,0,0
BRDA:127,6,1,0
BRDA:153,7,0,0
BRDA:153,7,1,0
BRDA:163,8,0,0
BRDA:163,8,1,0
BRDA:169,9,0,0
BRDA:169,9,1,0
BRDA:180,10,0,0
BRDA:180,10,1,0
BRDA:204,11,0,0
BRDA:204,11,1,0
BRDA:209,12,0,0
BRDA:209,12,1,0
BRDA:233,13,0,0
BRDA:233,13,1,0
BRDA:256,14,0,0
BRDA:256,14,1,0
BRDA:260,15,0,0
BRDA:260,15,1,0
BRDA:266,16,0,0
BRDA:266,16,1,0
BRDA:271,17,0,0
BRDA:271,17,1,0
BRDA:272,18,0,0
BRDA:272,18,1,0
BRDA:276,19,0,0
BRDA:276,19,1,0
BRDA:276,20,0,0
BRDA:276,20,1,0
BRDA:277,21,0,0
BRDA:277,21,1,0
BRDA:283,22,0,0
BRDA:283,22,1,0
BRDA:291,23,0,0
BRDA:291,23,1,0
BRDA:297,24,0,0
BRDA:297,24,1,0
BRDA:304,25,0,0
BRDA:304,25,1,0
BRDA:325,26,0,0
BRDA:325,26,1,0
BRDA:341,27,0,0
BRDA:341,27,1,0
BRDA:352,28,0,0
BRDA:352,28,1,0
BRDA:352,29,0,0
BRDA:352,29,1,0
BRDA:354,30,0,0
BRDA:354,30,1,0
BRDA:363,31,0,0
BRDA:363,31,1,0
BRDA:365,32,0,0
BRDA:365,32,1,0
BRDA:370,33,0,0
BRDA:370,33,1,0
BRDA:373,34,0,0
BRDA:373,34,1,0
BRDA:376,35,0,0
BRDA:376,35,1,0
BRDA:377,36,0,0
BRDA:377,36,1,0
BRDA:377,36,2,0
BRDA:377,36,3,0
BRDA:389,37,0,0
BRDA:389,37,1,0
BRDA:401,38,0,0
BRDA:401,38,1,0
BRDA:402,39,0,0
BRDA:402,39,1,0
BRDA:417,40,0,0
BRDA:417,40,1,0
BRDA:431,41,0,0
BRDA:431,41,1,0
BRDA:432,42,0,0
BRDA:432,42,1,0
BRDA:432,42,2,0
BRDA:437,43,0,0
BRDA:437,43,1,0
BRDA:438,44,0,0
BRDA:438,44,1,0
BRDA:452,45,0,0
BRDA:452,45,1,0
BRDA:456,46,0,0
BRDA:456,46,1,0
BRDA:461,47,0,0
BRDA:461,47,1,0
BRDA:475,48,0,0
BRDA:475,48,1,0
BRDA:475,49,0,0
BRDA:475,49,1,0
BRDA:475,49,2,0
BRDA:477,50,0,0
BRDA:477,50,1,0
BRDA:478,51,0,0
BRDA:478,51,1,0
BRDA:483,52,0,0
BRDA:483,52,1,0
BRDA:484,53,0,0
BRDA:484,53,1,0
BRDA:507,54,0,0
BRDA:507,54,1,0
BRDA:517,55,0,0
BRDA:517,55,1,0
BRDA:519,56,0,0
BRDA:519,56,1,0
BRDA:524,57,0,0
BRDA:524,57,1,0
BRDA:524,58,0,0
BRDA:524,58,1,0
BRDA:524,58,2,0
BRDA:527,59,0,0
BRDA:527,59,1,0
BRDA:555,60,0,0
BRDA:555,60,1,0
BRDA:573,61,0,0
BRDA:573,61,1,0
BRDA:576,62,0,0
BRDA:576,62,1,0
BRDA:586,63,0,0
BRDA:586,63,1,0
BRDA:591,64,0,0
BRDA:591,64,1,0
BRDA:591,65,0,0
BRDA:591,65,1,0
BRDA:592,66,0,0
BRDA:592,66,1,0
BRF:139
BRH:0
end_of_record
TN:
SF:exploratron/utils/versionFilter.js
FN:8,(anonymous_0)
FN:18,(anonymous_1)
FNF:2
FNH:0
FNDA:0,(anonymous_0)
FNDA:0,(anonymous_1)
DA:3,0
DA:4,0
DA:8,0
DA:9,0
DA:12,0
DA:13,0
DA:15,0
DA:18,0
DA:19,0
DA:20,0
LF:10
LH:0
BRDA:12,0,0,0
BRDA:12,0,1,0
BRF:2
BRH:0
end_of_record
